<?xml version="1.0" encoding="UTF-8"?>
<!-- Generated by org.testng.reporters.JUnitXMLReporter -->
<testsuite ignored="0" hostname="SA-RAFROZ-LT" failures="15" tests="90" name="nGgage Regression Suite" time="1992.199" errors="0" timestamp="31 Jan 2023 14:36:25 GMT">
  <testcase classname="com.qa.ngageplatform.smoke.ReportTest" name="verifyUserlistingReportGraghExist_Report001" time="0.057">
    <skipped/>
  </testcase> <!-- verifyUserlistingReportGraghExist_Report001 -->
  <testcase classname="com.qa.ngageplatform.smoke.MyWorkSimplifiedTest" name="verifyCloserActionActivityADetails_MWS001_To_MWS006" time="0.057">
    <skipped/>
  </testcase> <!-- verifyCloserActionActivityADetails_MWS001_To_MWS006 -->
  <testcase classname="com.qa.ngageplatform.smoke.HomePageTest" name="VerifyFavouritesDocList_HOME_004_HOME_005_HOME_006" time="0.057">
    <skipped/>
  </testcase> <!-- VerifyFavouritesDocList_HOME_004_HOME_005_HOME_006 -->
  <testcase classname="com.qa.ngageplatform.smoke.WMITest" name="VerifyNewLinkDefaultTab_WMI5_WMI6" time="0.057">
    <skipped/>
  </testcase> <!-- VerifyNewLinkDefaultTab_WMI5_WMI6 -->
  <testcase classname="com.qa.ngageplatform.smoke.RepositoryTest" name="verifySearchResultForBusinessModel_Repo001_Repo002" time="0.057">
    <skipped/>
  </testcase> <!-- verifySearchResultForBusinessModel_Repo001_Repo002 -->
  <testcase classname="com.qa.ngageplatform.smoke.MyWorkTest" name="verifyActivityADashboardBarGraphAndWorkItemTableOnAssignmentScreen_MW015" time="0.057">
    <skipped/>
  </testcase> <!-- verifyActivityADashboardBarGraphAndWorkItemTableOnAssignmentScreen_MW015 -->
  <testcase classname="com.qa.ngageplatform.smoke.ReportTest" name="verifyUserlistingReportGraghExist_Report001" time="0.022">
    <skipped/>
  </testcase> <!-- verifyUserlistingReportGraghExist_Report001 -->
  <testcase classname="com.qa.ngageplatform.smoke.MyWorkSimplifiedTest" name="verifyCloserActionActivityADetails_MWS001_To_MWS006" time="0.023">
    <skipped/>
  </testcase> <!-- verifyCloserActionActivityADetails_MWS001_To_MWS006 -->
  <testcase classname="com.qa.ngageplatform.smoke.HomePageTest" name="VerifyFavouritesDocList_HOME_004_HOME_005_HOME_006" time="0.019">
    <skipped/>
  </testcase> <!-- VerifyFavouritesDocList_HOME_004_HOME_005_HOME_006 -->
  <testcase classname="com.qa.ngageplatform.smoke.RepositoryTest" name="verifySearchResultForBusinessModel_Repo001_Repo002" time="0.017">
    <skipped/>
  </testcase> <!-- verifySearchResultForBusinessModel_Repo001_Repo002 -->
  <testcase classname="com.qa.ngageplatform.smoke.WMITest" name="VerifyNewLinkDefaultTab_WMI5_WMI6" time="0.098">
    <skipped/>
  </testcase> <!-- VerifyNewLinkDefaultTab_WMI5_WMI6 -->
  <testcase classname="com.qa.ngageplatform.smoke.MyWorkTest" name="verifyActivityADashboardBarGraphAndWorkItemTableOnAssignmentScreen_MW015" time="0.013">
    <skipped/>
  </testcase> <!-- verifyActivityADashboardBarGraphAndWorkItemTableOnAssignmentScreen_MW015 -->
  <testcase classname="com.qa.ngageplatform.smoke.MyWorkSimplifiedTest" name="verifyCloserActionActivityADetails_MWS001_To_MWS006" time="0.04">
    <skipped/>
  </testcase> <!-- verifyCloserActionActivityADetails_MWS001_To_MWS006 -->
  <testcase classname="com.qa.ngageplatform.smoke.HomePageTest" name="VerifyFavouritesDocList_HOME_004_HOME_005_HOME_006" time="0.092">
    <skipped/>
  </testcase> <!-- VerifyFavouritesDocList_HOME_004_HOME_005_HOME_006 -->
  <testcase classname="com.qa.ngageplatform.smoke.ReportTest" name="verifyUserlistingReportGraghExist_Report001" time="0.154">
    <skipped/>
  </testcase> <!-- verifyUserlistingReportGraghExist_Report001 -->
  <testcase classname="com.qa.ngageplatform.smoke.RepositoryTest" name="verifySearchResultForBusinessModel_Repo001_Repo002" time="0.019">
    <skipped/>
  </testcase> <!-- verifySearchResultForBusinessModel_Repo001_Repo002 -->
  <testcase classname="com.qa.ngageplatform.smoke.WMITest" name="VerifyNewLinkDefaultTab_WMI5_WMI6" time="0.095">
    <skipped/>
  </testcase> <!-- VerifyNewLinkDefaultTab_WMI5_WMI6 -->
  <testcase classname="com.qa.ngageplatform.smoke.MyWorkTest" name="verifyActivityADashboardBarGraphAndWorkItemTableOnAssignmentScreen_MW015" time="0.013">
    <skipped/>
  </testcase> <!-- verifyActivityADashboardBarGraphAndWorkItemTableOnAssignmentScreen_MW015 -->
  <testcase classname="com.qa.ngageplatform.smoke.MyWorkSimplifiedTest" name="verifyCloserActionActivityADetails_MWS001_To_MWS006" time="0.019">
    <failure type="org.openqa.selenium.NoSuchElementException" message="no such element: Unable to locate element: {&amp;quot;method&amp;quot;:&amp;quot;css selector&amp;quot;,&amp;quot;selector&amp;quot;:&amp;quot;#Login1_UserName&amp;quot;}
  (Session info: chrome=109.0.5414.120)
For documentation on this error, please visit: https://selenium.dev/exceptions/#no_such_element
Build info: version: &amp;apos;4.0.0&amp;apos;, revision: &amp;apos;3a21814679&amp;apos;
System info: host: &amp;apos;SA-RAFROZ-LT&amp;apos;, ip: &amp;apos;10.133.8.50&amp;apos;, os.name: &amp;apos;Windows 10&amp;apos;, os.arch: &amp;apos;amd64&amp;apos;, os.version: &amp;apos;10.0&amp;apos;, java.version: &amp;apos;17.0.4.1&amp;apos;
Driver info: org.openqa.selenium.chrome.ChromeDriver
Command: [bfac2dc53ebf13df1d879439d4a225ab, findElement {using=id, value=Login1_UserName}]
Capabilities {acceptInsecureCerts: false, browserName: chrome, browserVersion: 109.0.5414.120, chrome: {chromedriverVersion: 109.0.5414.74 (e7c5703604da..., userDataDir: C:\Users\rafroz\AppData\Loc...}, goog:chromeOptions: {debuggerAddress: localhost:51796}, javascriptEnabled: true, networkConnectionEnabled: false, pageLoadStrategy: normal, platform: WINDOWS, platformName: WINDOWS, proxy: Proxy(), se:cdp: ws://localhost:51796/devtoo..., se:cdpVersion: 109.0.5414.120, setWindowRect: true, strictFileInteractability: false, timeouts: {implicit: 0, pageLoad: 300000, script: 30000}, unhandledPromptBehavior: dismiss and notify, webauthn:extension:credBlob: true, webauthn:extension:largeBlob: true, webauthn:virtualAuthenticators: true}
Session ID: bfac2dc53ebf13df1d879439d4a225ab">
      <![CDATA[org.openqa.selenium.NoSuchElementException: no such element: Unable to locate element: {"method":"css selector","selector":"#Login1_UserName"}
  (Session info: chrome=109.0.5414.120)
For documentation on this error, please visit: https://selenium.dev/exceptions/#no_such_element
Build info: version: '4.0.0', revision: '3a21814679'
System info: host: 'SA-RAFROZ-LT', ip: '10.133.8.50', os.name: 'Windows 10', os.arch: 'amd64', os.version: '10.0', java.version: '17.0.4.1'
Driver info: org.openqa.selenium.chrome.ChromeDriver
Command: [bfac2dc53ebf13df1d879439d4a225ab, findElement {using=id, value=Login1_UserName}]
Capabilities {acceptInsecureCerts: false, browserName: chrome, browserVersion: 109.0.5414.120, chrome: {chromedriverVersion: 109.0.5414.74 (e7c5703604da..., userDataDir: C:\Users\rafroz\AppData\Loc...}, goog:chromeOptions: {debuggerAddress: localhost:51796}, javascriptEnabled: true, networkConnectionEnabled: false, pageLoadStrategy: normal, platform: WINDOWS, platformName: WINDOWS, proxy: Proxy(), se:cdp: ws://localhost:51796/devtoo..., se:cdpVersion: 109.0.5414.120, setWindowRect: true, strictFileInteractability: false, timeouts: {implicit: 0, pageLoad: 300000, script: 30000}, unhandledPromptBehavior: dismiss and notify, webauthn:extension:credBlob: true, webauthn:extension:largeBlob: true, webauthn:virtualAuthenticators: true}
Session ID: bfac2dc53ebf13df1d879439d4a225ab
at java.base/jdk.internal.reflect.NativeConstructorAccessorImpl.newInstance0(Native Method)
at java.base/jdk.internal.reflect.NativeConstructorAccessorImpl.newInstance(NativeConstructorAccessorImpl.java:77)
at java.base/jdk.internal.reflect.DelegatingConstructorAccessorImpl.newInstance(DelegatingConstructorAccessorImpl.java:45)
at java.base/java.lang.reflect.Constructor.newInstanceWithCaller(Constructor.java:499)
at java.base/java.lang.reflect.Constructor.newInstance(Constructor.java:480)
at org.openqa.selenium.remote.codec.w3c.W3CHttpResponseCodec.createException(W3CHttpResponseCodec.java:200)
at org.openqa.selenium.remote.codec.w3c.W3CHttpResponseCodec.decode(W3CHttpResponseCodec.java:133)
at org.openqa.selenium.remote.codec.w3c.W3CHttpResponseCodec.decode(W3CHttpResponseCodec.java:53)
at org.openqa.selenium.remote.HttpCommandExecutor.execute(HttpCommandExecutor.java:184)
at org.openqa.selenium.remote.service.DriverCommandExecutor.invokeExecute(DriverCommandExecutor.java:164)
at org.openqa.selenium.remote.service.DriverCommandExecutor.execute(DriverCommandExecutor.java:139)
at org.openqa.selenium.remote.RemoteWebDriver.execute(RemoteWebDriver.java:559)
at org.openqa.selenium.remote.ElementLocation$ElementFinder$2.findElement(ElementLocation.java:162)
at org.openqa.selenium.remote.ElementLocation.findElement(ElementLocation.java:66)
at org.openqa.selenium.remote.RemoteWebDriver.findElement(RemoteWebDriver.java:383)
at org.openqa.selenium.remote.RemoteWebDriver.findElement(RemoteWebDriver.java:375)
at com.qa.ngageplatform.utils.ElementUtil.getElement(ElementUtil.java:216)
at com.qa.ngageplatform.utils.ElementUtil.doClear(ElementUtil.java:101)
at com.qa.ngageplatform.utils.ElementUtil.doSendKeys(ElementUtil.java:112)
at com.qa.ngageplatform.pages.LoginPage.enterUserName(LoginPage.java:45)
at com.qa.ngageplatform.pages.LoginPage.doLogin(LoginPage.java:79)
at com.qa.ngageplatform.smoke.MyWorkSimplifiedTest.verifyCloserActionActivityADetails_MWS001_To_MWS006(MyWorkSimplifiedTest.java:22)
at java.base/jdk.internal.reflect.NativeMethodAccessorImpl.invoke0(Native Method)
at java.base/jdk.internal.reflect.NativeMethodAccessorImpl.invoke(NativeMethodAccessorImpl.java:77)
at java.base/jdk.internal.reflect.DelegatingMethodAccessorImpl.invoke(DelegatingMethodAccessorImpl.java:43)
at java.base/java.lang.reflect.Method.invoke(Method.java:568)
at org.testng.internal.MethodInvocationHelper.invokeMethod(MethodInvocationHelper.java:124)
at org.testng.internal.Invoker.invokeMethod(Invoker.java:583)
at org.testng.internal.Invoker.retryFailed(Invoker.java:839)
at org.testng.internal.Invoker.invokeTestMethods(Invoker.java:1010)
at org.testng.internal.TestMethodWorker.invokeTestMethods(TestMethodWorker.java:125)
at org.testng.internal.TestMethodWorker.run(TestMethodWorker.java:109)
at java.base/java.util.concurrent.ThreadPoolExecutor.runWorker(ThreadPoolExecutor.java:1136)
at java.base/java.util.concurrent.ThreadPoolExecutor$Worker.run(ThreadPoolExecutor.java:635)
at java.base/java.lang.Thread.run(Thread.java:833)
]]>
    </failure>
  </testcase> <!-- verifyCloserActionActivityADetails_MWS001_To_MWS006 -->
  <testcase classname="com.qa.ngageplatform.smoke.HomePageTest" name="VerifyFavouritesDocList_HOME_004_HOME_005_HOME_006" time="0.031">
    <failure type="org.openqa.selenium.NoSuchElementException" message="no such element: Unable to locate element: {&amp;quot;method&amp;quot;:&amp;quot;css selector&amp;quot;,&amp;quot;selector&amp;quot;:&amp;quot;#Login1_UserName&amp;quot;}
  (Session info: chrome=109.0.5414.120)
For documentation on this error, please visit: https://selenium.dev/exceptions/#no_such_element
Build info: version: &amp;apos;4.0.0&amp;apos;, revision: &amp;apos;3a21814679&amp;apos;
System info: host: &amp;apos;SA-RAFROZ-LT&amp;apos;, ip: &amp;apos;10.133.8.50&amp;apos;, os.name: &amp;apos;Windows 10&amp;apos;, os.arch: &amp;apos;amd64&amp;apos;, os.version: &amp;apos;10.0&amp;apos;, java.version: &amp;apos;17.0.4.1&amp;apos;
Driver info: org.openqa.selenium.chrome.ChromeDriver
Command: [e15829f9b20bbd1dce00fa786c1eb62e, findElement {using=id, value=Login1_UserName}]
Capabilities {acceptInsecureCerts: false, browserName: chrome, browserVersion: 109.0.5414.120, chrome: {chromedriverVersion: 109.0.5414.74 (e7c5703604da..., userDataDir: C:\Users\rafroz\AppData\Loc...}, goog:chromeOptions: {debuggerAddress: localhost:51797}, javascriptEnabled: true, networkConnectionEnabled: false, pageLoadStrategy: normal, platform: WINDOWS, platformName: WINDOWS, proxy: Proxy(), se:cdp: ws://localhost:51797/devtoo..., se:cdpVersion: 109.0.5414.120, setWindowRect: true, strictFileInteractability: false, timeouts: {implicit: 0, pageLoad: 300000, script: 30000}, unhandledPromptBehavior: dismiss and notify, webauthn:extension:credBlob: true, webauthn:extension:largeBlob: true, webauthn:virtualAuthenticators: true}
Session ID: e15829f9b20bbd1dce00fa786c1eb62e">
      <![CDATA[org.openqa.selenium.NoSuchElementException: no such element: Unable to locate element: {"method":"css selector","selector":"#Login1_UserName"}
  (Session info: chrome=109.0.5414.120)
For documentation on this error, please visit: https://selenium.dev/exceptions/#no_such_element
Build info: version: '4.0.0', revision: '3a21814679'
System info: host: 'SA-RAFROZ-LT', ip: '10.133.8.50', os.name: 'Windows 10', os.arch: 'amd64', os.version: '10.0', java.version: '17.0.4.1'
Driver info: org.openqa.selenium.chrome.ChromeDriver
Command: [e15829f9b20bbd1dce00fa786c1eb62e, findElement {using=id, value=Login1_UserName}]
Capabilities {acceptInsecureCerts: false, browserName: chrome, browserVersion: 109.0.5414.120, chrome: {chromedriverVersion: 109.0.5414.74 (e7c5703604da..., userDataDir: C:\Users\rafroz\AppData\Loc...}, goog:chromeOptions: {debuggerAddress: localhost:51797}, javascriptEnabled: true, networkConnectionEnabled: false, pageLoadStrategy: normal, platform: WINDOWS, platformName: WINDOWS, proxy: Proxy(), se:cdp: ws://localhost:51797/devtoo..., se:cdpVersion: 109.0.5414.120, setWindowRect: true, strictFileInteractability: false, timeouts: {implicit: 0, pageLoad: 300000, script: 30000}, unhandledPromptBehavior: dismiss and notify, webauthn:extension:credBlob: true, webauthn:extension:largeBlob: true, webauthn:virtualAuthenticators: true}
Session ID: e15829f9b20bbd1dce00fa786c1eb62e
at java.base/jdk.internal.reflect.NativeConstructorAccessorImpl.newInstance0(Native Method)
at java.base/jdk.internal.reflect.NativeConstructorAccessorImpl.newInstance(NativeConstructorAccessorImpl.java:77)
at java.base/jdk.internal.reflect.DelegatingConstructorAccessorImpl.newInstance(DelegatingConstructorAccessorImpl.java:45)
at java.base/java.lang.reflect.Constructor.newInstanceWithCaller(Constructor.java:499)
at java.base/java.lang.reflect.Constructor.newInstance(Constructor.java:480)
at org.openqa.selenium.remote.codec.w3c.W3CHttpResponseCodec.createException(W3CHttpResponseCodec.java:200)
at org.openqa.selenium.remote.codec.w3c.W3CHttpResponseCodec.decode(W3CHttpResponseCodec.java:133)
at org.openqa.selenium.remote.codec.w3c.W3CHttpResponseCodec.decode(W3CHttpResponseCodec.java:53)
at org.openqa.selenium.remote.HttpCommandExecutor.execute(HttpCommandExecutor.java:184)
at org.openqa.selenium.remote.service.DriverCommandExecutor.invokeExecute(DriverCommandExecutor.java:164)
at org.openqa.selenium.remote.service.DriverCommandExecutor.execute(DriverCommandExecutor.java:139)
at org.openqa.selenium.remote.RemoteWebDriver.execute(RemoteWebDriver.java:559)
at org.openqa.selenium.remote.ElementLocation$ElementFinder$2.findElement(ElementLocation.java:162)
at org.openqa.selenium.remote.ElementLocation.findElement(ElementLocation.java:66)
at org.openqa.selenium.remote.RemoteWebDriver.findElement(RemoteWebDriver.java:383)
at org.openqa.selenium.remote.RemoteWebDriver.findElement(RemoteWebDriver.java:375)
at com.qa.ngageplatform.utils.ElementUtil.getElement(ElementUtil.java:216)
at com.qa.ngageplatform.utils.ElementUtil.doClear(ElementUtil.java:101)
at com.qa.ngageplatform.utils.ElementUtil.doSendKeys(ElementUtil.java:112)
at com.qa.ngageplatform.pages.LoginPage.enterUserName(LoginPage.java:45)
at com.qa.ngageplatform.pages.LoginPage.doLogin(LoginPage.java:79)
at com.qa.ngageplatform.smoke.HomePageTest.VerifyFavouritesDocList_HOME_004_HOME_005_HOME_006(HomePageTest.java:46)
at java.base/jdk.internal.reflect.NativeMethodAccessorImpl.invoke0(Native Method)
at java.base/jdk.internal.reflect.NativeMethodAccessorImpl.invoke(NativeMethodAccessorImpl.java:77)
at java.base/jdk.internal.reflect.DelegatingMethodAccessorImpl.invoke(DelegatingMethodAccessorImpl.java:43)
at java.base/java.lang.reflect.Method.invoke(Method.java:568)
at org.testng.internal.MethodInvocationHelper.invokeMethod(MethodInvocationHelper.java:124)
at org.testng.internal.Invoker.invokeMethod(Invoker.java:583)
at org.testng.internal.Invoker.retryFailed(Invoker.java:839)
at org.testng.internal.Invoker.invokeTestMethods(Invoker.java:1010)
at org.testng.internal.TestMethodWorker.invokeTestMethods(TestMethodWorker.java:125)
at org.testng.internal.TestMethodWorker.run(TestMethodWorker.java:109)
at java.base/java.util.concurrent.ThreadPoolExecutor.runWorker(ThreadPoolExecutor.java:1136)
at java.base/java.util.concurrent.ThreadPoolExecutor$Worker.run(ThreadPoolExecutor.java:635)
at java.base/java.lang.Thread.run(Thread.java:833)
]]>
    </failure>
  </testcase> <!-- VerifyFavouritesDocList_HOME_004_HOME_005_HOME_006 -->
  <testcase classname="com.qa.ngageplatform.smoke.ReportTest" name="verifyUserlistingReportGraghExist_Report001" time="0.021">
    <failure type="org.openqa.selenium.NoSuchElementException" message="no such element: Unable to locate element: {&amp;quot;method&amp;quot;:&amp;quot;css selector&amp;quot;,&amp;quot;selector&amp;quot;:&amp;quot;#Login1_UserName&amp;quot;}
  (Session info: chrome=109.0.5414.120)
For documentation on this error, please visit: https://selenium.dev/exceptions/#no_such_element
Build info: version: &amp;apos;4.0.0&amp;apos;, revision: &amp;apos;3a21814679&amp;apos;
System info: host: &amp;apos;SA-RAFROZ-LT&amp;apos;, ip: &amp;apos;10.133.8.50&amp;apos;, os.name: &amp;apos;Windows 10&amp;apos;, os.arch: &amp;apos;amd64&amp;apos;, os.version: &amp;apos;10.0&amp;apos;, java.version: &amp;apos;17.0.4.1&amp;apos;
Driver info: org.openqa.selenium.chrome.ChromeDriver
Command: [ac31f6dac2f2d748d7ceefbf3c5b38aa, findElement {using=id, value=Login1_UserName}]
Capabilities {acceptInsecureCerts: false, browserName: chrome, browserVersion: 109.0.5414.120, chrome: {chromedriverVersion: 109.0.5414.74 (e7c5703604da..., userDataDir: C:\Users\rafroz\AppData\Loc...}, goog:chromeOptions: {debuggerAddress: localhost:51807}, javascriptEnabled: true, networkConnectionEnabled: false, pageLoadStrategy: normal, platform: WINDOWS, platformName: WINDOWS, proxy: Proxy(), se:cdp: ws://localhost:51807/devtoo..., se:cdpVersion: 109.0.5414.120, setWindowRect: true, strictFileInteractability: false, timeouts: {implicit: 0, pageLoad: 300000, script: 30000}, unhandledPromptBehavior: dismiss and notify, webauthn:extension:credBlob: true, webauthn:extension:largeBlob: true, webauthn:virtualAuthenticators: true}
Session ID: ac31f6dac2f2d748d7ceefbf3c5b38aa">
      <![CDATA[org.openqa.selenium.NoSuchElementException: no such element: Unable to locate element: {"method":"css selector","selector":"#Login1_UserName"}
  (Session info: chrome=109.0.5414.120)
For documentation on this error, please visit: https://selenium.dev/exceptions/#no_such_element
Build info: version: '4.0.0', revision: '3a21814679'
System info: host: 'SA-RAFROZ-LT', ip: '10.133.8.50', os.name: 'Windows 10', os.arch: 'amd64', os.version: '10.0', java.version: '17.0.4.1'
Driver info: org.openqa.selenium.chrome.ChromeDriver
Command: [ac31f6dac2f2d748d7ceefbf3c5b38aa, findElement {using=id, value=Login1_UserName}]
Capabilities {acceptInsecureCerts: false, browserName: chrome, browserVersion: 109.0.5414.120, chrome: {chromedriverVersion: 109.0.5414.74 (e7c5703604da..., userDataDir: C:\Users\rafroz\AppData\Loc...}, goog:chromeOptions: {debuggerAddress: localhost:51807}, javascriptEnabled: true, networkConnectionEnabled: false, pageLoadStrategy: normal, platform: WINDOWS, platformName: WINDOWS, proxy: Proxy(), se:cdp: ws://localhost:51807/devtoo..., se:cdpVersion: 109.0.5414.120, setWindowRect: true, strictFileInteractability: false, timeouts: {implicit: 0, pageLoad: 300000, script: 30000}, unhandledPromptBehavior: dismiss and notify, webauthn:extension:credBlob: true, webauthn:extension:largeBlob: true, webauthn:virtualAuthenticators: true}
Session ID: ac31f6dac2f2d748d7ceefbf3c5b38aa
at java.base/jdk.internal.reflect.NativeConstructorAccessorImpl.newInstance0(Native Method)
at java.base/jdk.internal.reflect.NativeConstructorAccessorImpl.newInstance(NativeConstructorAccessorImpl.java:77)
at java.base/jdk.internal.reflect.DelegatingConstructorAccessorImpl.newInstance(DelegatingConstructorAccessorImpl.java:45)
at java.base/java.lang.reflect.Constructor.newInstanceWithCaller(Constructor.java:499)
at java.base/java.lang.reflect.Constructor.newInstance(Constructor.java:480)
at org.openqa.selenium.remote.codec.w3c.W3CHttpResponseCodec.createException(W3CHttpResponseCodec.java:200)
at org.openqa.selenium.remote.codec.w3c.W3CHttpResponseCodec.decode(W3CHttpResponseCodec.java:133)
at org.openqa.selenium.remote.codec.w3c.W3CHttpResponseCodec.decode(W3CHttpResponseCodec.java:53)
at org.openqa.selenium.remote.HttpCommandExecutor.execute(HttpCommandExecutor.java:184)
at org.openqa.selenium.remote.service.DriverCommandExecutor.invokeExecute(DriverCommandExecutor.java:164)
at org.openqa.selenium.remote.service.DriverCommandExecutor.execute(DriverCommandExecutor.java:139)
at org.openqa.selenium.remote.RemoteWebDriver.execute(RemoteWebDriver.java:559)
at org.openqa.selenium.remote.ElementLocation$ElementFinder$2.findElement(ElementLocation.java:162)
at org.openqa.selenium.remote.ElementLocation.findElement(ElementLocation.java:66)
at org.openqa.selenium.remote.RemoteWebDriver.findElement(RemoteWebDriver.java:383)
at org.openqa.selenium.remote.RemoteWebDriver.findElement(RemoteWebDriver.java:375)
at com.qa.ngageplatform.utils.ElementUtil.getElement(ElementUtil.java:216)
at com.qa.ngageplatform.utils.ElementUtil.doClear(ElementUtil.java:101)
at com.qa.ngageplatform.utils.ElementUtil.doSendKeys(ElementUtil.java:112)
at com.qa.ngageplatform.pages.LoginPage.enterUserName(LoginPage.java:45)
at com.qa.ngageplatform.pages.LoginPage.doLogin(LoginPage.java:79)
at com.qa.ngageplatform.smoke.ReportTest.verifyUserlistingReportGraghExist_Report001(ReportTest.java:13)
at java.base/jdk.internal.reflect.NativeMethodAccessorImpl.invoke0(Native Method)
at java.base/jdk.internal.reflect.NativeMethodAccessorImpl.invoke(NativeMethodAccessorImpl.java:77)
at java.base/jdk.internal.reflect.DelegatingMethodAccessorImpl.invoke(DelegatingMethodAccessorImpl.java:43)
at java.base/java.lang.reflect.Method.invoke(Method.java:568)
at org.testng.internal.MethodInvocationHelper.invokeMethod(MethodInvocationHelper.java:124)
at org.testng.internal.Invoker.invokeMethod(Invoker.java:583)
at org.testng.internal.Invoker.retryFailed(Invoker.java:839)
at org.testng.internal.Invoker.invokeTestMethods(Invoker.java:1010)
at org.testng.internal.TestMethodWorker.invokeTestMethods(TestMethodWorker.java:125)
at org.testng.internal.TestMethodWorker.run(TestMethodWorker.java:109)
at java.base/java.util.concurrent.ThreadPoolExecutor.runWorker(ThreadPoolExecutor.java:1136)
at java.base/java.util.concurrent.ThreadPoolExecutor$Worker.run(ThreadPoolExecutor.java:635)
at java.base/java.lang.Thread.run(Thread.java:833)
]]>
    </failure>
  </testcase> <!-- verifyUserlistingReportGraghExist_Report001 -->
  <testcase classname="com.qa.ngageplatform.smoke.RepositoryTest" name="verifySearchResultForBusinessModel_Repo001_Repo002" time="0.015">
    <failure type="org.openqa.selenium.NoSuchElementException" message="no such element: Unable to locate element: {&amp;quot;method&amp;quot;:&amp;quot;css selector&amp;quot;,&amp;quot;selector&amp;quot;:&amp;quot;#Login1_UserName&amp;quot;}
  (Session info: chrome=109.0.5414.120)
For documentation on this error, please visit: https://selenium.dev/exceptions/#no_such_element
Build info: version: &amp;apos;4.0.0&amp;apos;, revision: &amp;apos;3a21814679&amp;apos;
System info: host: &amp;apos;SA-RAFROZ-LT&amp;apos;, ip: &amp;apos;10.133.8.50&amp;apos;, os.name: &amp;apos;Windows 10&amp;apos;, os.arch: &amp;apos;amd64&amp;apos;, os.version: &amp;apos;10.0&amp;apos;, java.version: &amp;apos;17.0.4.1&amp;apos;
Driver info: org.openqa.selenium.chrome.ChromeDriver
Command: [83ffcd3b79a0fb6a7462a6599bbca8a2, findElement {using=id, value=Login1_UserName}]
Capabilities {acceptInsecureCerts: false, browserName: chrome, browserVersion: 109.0.5414.120, chrome: {chromedriverVersion: 109.0.5414.74 (e7c5703604da..., userDataDir: C:\Users\rafroz\AppData\Loc...}, goog:chromeOptions: {debuggerAddress: localhost:51816}, javascriptEnabled: true, networkConnectionEnabled: false, pageLoadStrategy: normal, platform: WINDOWS, platformName: WINDOWS, proxy: Proxy(), se:cdp: ws://localhost:51816/devtoo..., se:cdpVersion: 109.0.5414.120, setWindowRect: true, strictFileInteractability: false, timeouts: {implicit: 0, pageLoad: 300000, script: 30000}, unhandledPromptBehavior: dismiss and notify, webauthn:extension:credBlob: true, webauthn:extension:largeBlob: true, webauthn:virtualAuthenticators: true}
Session ID: 83ffcd3b79a0fb6a7462a6599bbca8a2">
      <![CDATA[org.openqa.selenium.NoSuchElementException: no such element: Unable to locate element: {"method":"css selector","selector":"#Login1_UserName"}
  (Session info: chrome=109.0.5414.120)
For documentation on this error, please visit: https://selenium.dev/exceptions/#no_such_element
Build info: version: '4.0.0', revision: '3a21814679'
System info: host: 'SA-RAFROZ-LT', ip: '10.133.8.50', os.name: 'Windows 10', os.arch: 'amd64', os.version: '10.0', java.version: '17.0.4.1'
Driver info: org.openqa.selenium.chrome.ChromeDriver
Command: [83ffcd3b79a0fb6a7462a6599bbca8a2, findElement {using=id, value=Login1_UserName}]
Capabilities {acceptInsecureCerts: false, browserName: chrome, browserVersion: 109.0.5414.120, chrome: {chromedriverVersion: 109.0.5414.74 (e7c5703604da..., userDataDir: C:\Users\rafroz\AppData\Loc...}, goog:chromeOptions: {debuggerAddress: localhost:51816}, javascriptEnabled: true, networkConnectionEnabled: false, pageLoadStrategy: normal, platform: WINDOWS, platformName: WINDOWS, proxy: Proxy(), se:cdp: ws://localhost:51816/devtoo..., se:cdpVersion: 109.0.5414.120, setWindowRect: true, strictFileInteractability: false, timeouts: {implicit: 0, pageLoad: 300000, script: 30000}, unhandledPromptBehavior: dismiss and notify, webauthn:extension:credBlob: true, webauthn:extension:largeBlob: true, webauthn:virtualAuthenticators: true}
Session ID: 83ffcd3b79a0fb6a7462a6599bbca8a2
at jdk.internal.reflect.GeneratedConstructorAccessor49.newInstance(Unknown Source)
at java.base/jdk.internal.reflect.DelegatingConstructorAccessorImpl.newInstance(DelegatingConstructorAccessorImpl.java:45)
at java.base/java.lang.reflect.Constructor.newInstanceWithCaller(Constructor.java:499)
at java.base/java.lang.reflect.Constructor.newInstance(Constructor.java:480)
at org.openqa.selenium.remote.codec.w3c.W3CHttpResponseCodec.createException(W3CHttpResponseCodec.java:200)
at org.openqa.selenium.remote.codec.w3c.W3CHttpResponseCodec.decode(W3CHttpResponseCodec.java:133)
at org.openqa.selenium.remote.codec.w3c.W3CHttpResponseCodec.decode(W3CHttpResponseCodec.java:53)
at org.openqa.selenium.remote.HttpCommandExecutor.execute(HttpCommandExecutor.java:184)
at org.openqa.selenium.remote.service.DriverCommandExecutor.invokeExecute(DriverCommandExecutor.java:164)
at org.openqa.selenium.remote.service.DriverCommandExecutor.execute(DriverCommandExecutor.java:139)
at org.openqa.selenium.remote.RemoteWebDriver.execute(RemoteWebDriver.java:559)
at org.openqa.selenium.remote.ElementLocation$ElementFinder$2.findElement(ElementLocation.java:162)
at org.openqa.selenium.remote.ElementLocation.findElement(ElementLocation.java:66)
at org.openqa.selenium.remote.RemoteWebDriver.findElement(RemoteWebDriver.java:383)
at org.openqa.selenium.remote.RemoteWebDriver.findElement(RemoteWebDriver.java:375)
at com.qa.ngageplatform.utils.ElementUtil.getElement(ElementUtil.java:216)
at com.qa.ngageplatform.utils.ElementUtil.doClear(ElementUtil.java:101)
at com.qa.ngageplatform.utils.ElementUtil.doSendKeys(ElementUtil.java:112)
at com.qa.ngageplatform.pages.LoginPage.enterUserName(LoginPage.java:45)
at com.qa.ngageplatform.pages.LoginPage.doLogin(LoginPage.java:79)
at com.qa.ngageplatform.smoke.RepositoryTest.verifySearchResultForBusinessModel_Repo001_Repo002(RepositoryTest.java:23)
at java.base/jdk.internal.reflect.NativeMethodAccessorImpl.invoke0(Native Method)
at java.base/jdk.internal.reflect.NativeMethodAccessorImpl.invoke(NativeMethodAccessorImpl.java:77)
at java.base/jdk.internal.reflect.DelegatingMethodAccessorImpl.invoke(DelegatingMethodAccessorImpl.java:43)
at java.base/java.lang.reflect.Method.invoke(Method.java:568)
at org.testng.internal.MethodInvocationHelper.invokeMethod(MethodInvocationHelper.java:124)
at org.testng.internal.Invoker.invokeMethod(Invoker.java:583)
at org.testng.internal.Invoker.retryFailed(Invoker.java:839)
at org.testng.internal.Invoker.invokeTestMethods(Invoker.java:1010)
at org.testng.internal.TestMethodWorker.invokeTestMethods(TestMethodWorker.java:125)
at org.testng.internal.TestMethodWorker.run(TestMethodWorker.java:109)
at java.base/java.util.concurrent.ThreadPoolExecutor.runWorker(ThreadPoolExecutor.java:1136)
at java.base/java.util.concurrent.ThreadPoolExecutor$Worker.run(ThreadPoolExecutor.java:635)
at java.base/java.lang.Thread.run(Thread.java:833)
]]>
    </failure>
  </testcase> <!-- verifySearchResultForBusinessModel_Repo001_Repo002 -->
  <testcase classname="com.qa.ngageplatform.smoke.WMITest" name="VerifyNewLinkDefaultTab_WMI5_WMI6" time="0.014">
    <failure type="org.openqa.selenium.NoSuchElementException" message="no such element: Unable to locate element: {&amp;quot;method&amp;quot;:&amp;quot;css selector&amp;quot;,&amp;quot;selector&amp;quot;:&amp;quot;#Login1_UserName&amp;quot;}
  (Session info: chrome=109.0.5414.120)
For documentation on this error, please visit: https://selenium.dev/exceptions/#no_such_element
Build info: version: &amp;apos;4.0.0&amp;apos;, revision: &amp;apos;3a21814679&amp;apos;
System info: host: &amp;apos;SA-RAFROZ-LT&amp;apos;, ip: &amp;apos;10.133.8.50&amp;apos;, os.name: &amp;apos;Windows 10&amp;apos;, os.arch: &amp;apos;amd64&amp;apos;, os.version: &amp;apos;10.0&amp;apos;, java.version: &amp;apos;17.0.4.1&amp;apos;
Driver info: org.openqa.selenium.chrome.ChromeDriver
Command: [a1d0f1ededa14d40618cdbdca1a0e844, findElement {using=id, value=Login1_UserName}]
Capabilities {acceptInsecureCerts: false, browserName: chrome, browserVersion: 109.0.5414.120, chrome: {chromedriverVersion: 109.0.5414.74 (e7c5703604da..., userDataDir: C:\Users\rafroz\AppData\Loc...}, goog:chromeOptions: {debuggerAddress: localhost:51825}, javascriptEnabled: true, networkConnectionEnabled: false, pageLoadStrategy: normal, platform: WINDOWS, platformName: WINDOWS, proxy: Proxy(), se:cdp: ws://localhost:51825/devtoo..., se:cdpVersion: 109.0.5414.120, setWindowRect: true, strictFileInteractability: false, timeouts: {implicit: 0, pageLoad: 300000, script: 30000}, unhandledPromptBehavior: dismiss and notify, webauthn:extension:credBlob: true, webauthn:extension:largeBlob: true, webauthn:virtualAuthenticators: true}
Session ID: a1d0f1ededa14d40618cdbdca1a0e844">
      <![CDATA[org.openqa.selenium.NoSuchElementException: no such element: Unable to locate element: {"method":"css selector","selector":"#Login1_UserName"}
  (Session info: chrome=109.0.5414.120)
For documentation on this error, please visit: https://selenium.dev/exceptions/#no_such_element
Build info: version: '4.0.0', revision: '3a21814679'
System info: host: 'SA-RAFROZ-LT', ip: '10.133.8.50', os.name: 'Windows 10', os.arch: 'amd64', os.version: '10.0', java.version: '17.0.4.1'
Driver info: org.openqa.selenium.chrome.ChromeDriver
Command: [a1d0f1ededa14d40618cdbdca1a0e844, findElement {using=id, value=Login1_UserName}]
Capabilities {acceptInsecureCerts: false, browserName: chrome, browserVersion: 109.0.5414.120, chrome: {chromedriverVersion: 109.0.5414.74 (e7c5703604da..., userDataDir: C:\Users\rafroz\AppData\Loc...}, goog:chromeOptions: {debuggerAddress: localhost:51825}, javascriptEnabled: true, networkConnectionEnabled: false, pageLoadStrategy: normal, platform: WINDOWS, platformName: WINDOWS, proxy: Proxy(), se:cdp: ws://localhost:51825/devtoo..., se:cdpVersion: 109.0.5414.120, setWindowRect: true, strictFileInteractability: false, timeouts: {implicit: 0, pageLoad: 300000, script: 30000}, unhandledPromptBehavior: dismiss and notify, webauthn:extension:credBlob: true, webauthn:extension:largeBlob: true, webauthn:virtualAuthenticators: true}
Session ID: a1d0f1ededa14d40618cdbdca1a0e844
at jdk.internal.reflect.GeneratedConstructorAccessor49.newInstance(Unknown Source)
at java.base/jdk.internal.reflect.DelegatingConstructorAccessorImpl.newInstance(DelegatingConstructorAccessorImpl.java:45)
at java.base/java.lang.reflect.Constructor.newInstanceWithCaller(Constructor.java:499)
at java.base/java.lang.reflect.Constructor.newInstance(Constructor.java:480)
at org.openqa.selenium.remote.codec.w3c.W3CHttpResponseCodec.createException(W3CHttpResponseCodec.java:200)
at org.openqa.selenium.remote.codec.w3c.W3CHttpResponseCodec.decode(W3CHttpResponseCodec.java:133)
at org.openqa.selenium.remote.codec.w3c.W3CHttpResponseCodec.decode(W3CHttpResponseCodec.java:53)
at org.openqa.selenium.remote.HttpCommandExecutor.execute(HttpCommandExecutor.java:184)
at org.openqa.selenium.remote.service.DriverCommandExecutor.invokeExecute(DriverCommandExecutor.java:164)
at org.openqa.selenium.remote.service.DriverCommandExecutor.execute(DriverCommandExecutor.java:139)
at org.openqa.selenium.remote.RemoteWebDriver.execute(RemoteWebDriver.java:559)
at org.openqa.selenium.remote.ElementLocation$ElementFinder$2.findElement(ElementLocation.java:162)
at org.openqa.selenium.remote.ElementLocation.findElement(ElementLocation.java:66)
at org.openqa.selenium.remote.RemoteWebDriver.findElement(RemoteWebDriver.java:383)
at org.openqa.selenium.remote.RemoteWebDriver.findElement(RemoteWebDriver.java:375)
at com.qa.ngageplatform.utils.ElementUtil.getElement(ElementUtil.java:216)
at com.qa.ngageplatform.utils.ElementUtil.doClear(ElementUtil.java:101)
at com.qa.ngageplatform.utils.ElementUtil.doSendKeys(ElementUtil.java:112)
at com.qa.ngageplatform.pages.LoginPage.enterUserName(LoginPage.java:45)
at com.qa.ngageplatform.pages.LoginPage.doLogin(LoginPage.java:79)
at com.qa.ngageplatform.smoke.WMITest.VerifyNewLinkDefaultTab_WMI5_WMI6(WMITest.java:92)
at java.base/jdk.internal.reflect.NativeMethodAccessorImpl.invoke0(Native Method)
at java.base/jdk.internal.reflect.NativeMethodAccessorImpl.invoke(NativeMethodAccessorImpl.java:77)
at java.base/jdk.internal.reflect.DelegatingMethodAccessorImpl.invoke(DelegatingMethodAccessorImpl.java:43)
at java.base/java.lang.reflect.Method.invoke(Method.java:568)
at org.testng.internal.MethodInvocationHelper.invokeMethod(MethodInvocationHelper.java:124)
at org.testng.internal.Invoker.invokeMethod(Invoker.java:583)
at org.testng.internal.Invoker.retryFailed(Invoker.java:839)
at org.testng.internal.Invoker.invokeTestMethods(Invoker.java:1010)
at org.testng.internal.TestMethodWorker.invokeTestMethods(TestMethodWorker.java:125)
at org.testng.internal.TestMethodWorker.run(TestMethodWorker.java:109)
at java.base/java.util.concurrent.ThreadPoolExecutor.runWorker(ThreadPoolExecutor.java:1136)
at java.base/java.util.concurrent.ThreadPoolExecutor$Worker.run(ThreadPoolExecutor.java:635)
at java.base/java.lang.Thread.run(Thread.java:833)
]]>
    </failure>
  </testcase> <!-- VerifyNewLinkDefaultTab_WMI5_WMI6 -->
  <testcase classname="com.qa.ngageplatform.smoke.MyWorkTest" name="verifyActivityADashboardBarGraphAndWorkItemTableOnAssignmentScreen_MW015" time="0.041">
    <failure type="org.openqa.selenium.NoSuchElementException" message="no such element: Unable to locate element: {&amp;quot;method&amp;quot;:&amp;quot;css selector&amp;quot;,&amp;quot;selector&amp;quot;:&amp;quot;#Login1_UserName&amp;quot;}
  (Session info: chrome=109.0.5414.120)
For documentation on this error, please visit: https://selenium.dev/exceptions/#no_such_element
Build info: version: &amp;apos;4.0.0&amp;apos;, revision: &amp;apos;3a21814679&amp;apos;
System info: host: &amp;apos;SA-RAFROZ-LT&amp;apos;, ip: &amp;apos;10.133.8.50&amp;apos;, os.name: &amp;apos;Windows 10&amp;apos;, os.arch: &amp;apos;amd64&amp;apos;, os.version: &amp;apos;10.0&amp;apos;, java.version: &amp;apos;17.0.4.1&amp;apos;
Driver info: org.openqa.selenium.chrome.ChromeDriver
Command: [23a4fedaccf84d198d0cc41926d7be12, findElement {using=id, value=Login1_UserName}]
Capabilities {acceptInsecureCerts: false, browserName: chrome, browserVersion: 109.0.5414.120, chrome: {chromedriverVersion: 109.0.5414.74 (e7c5703604da..., userDataDir: C:\Users\rafroz\AppData\Loc...}, goog:chromeOptions: {debuggerAddress: localhost:51834}, javascriptEnabled: true, networkConnectionEnabled: false, pageLoadStrategy: normal, platform: WINDOWS, platformName: WINDOWS, proxy: Proxy(), se:cdp: ws://localhost:51834/devtoo..., se:cdpVersion: 109.0.5414.120, setWindowRect: true, strictFileInteractability: false, timeouts: {implicit: 0, pageLoad: 300000, script: 30000}, unhandledPromptBehavior: dismiss and notify, webauthn:extension:credBlob: true, webauthn:extension:largeBlob: true, webauthn:virtualAuthenticators: true}
Session ID: 23a4fedaccf84d198d0cc41926d7be12">
      <![CDATA[org.openqa.selenium.NoSuchElementException: no such element: Unable to locate element: {"method":"css selector","selector":"#Login1_UserName"}
  (Session info: chrome=109.0.5414.120)
For documentation on this error, please visit: https://selenium.dev/exceptions/#no_such_element
Build info: version: '4.0.0', revision: '3a21814679'
System info: host: 'SA-RAFROZ-LT', ip: '10.133.8.50', os.name: 'Windows 10', os.arch: 'amd64', os.version: '10.0', java.version: '17.0.4.1'
Driver info: org.openqa.selenium.chrome.ChromeDriver
Command: [23a4fedaccf84d198d0cc41926d7be12, findElement {using=id, value=Login1_UserName}]
Capabilities {acceptInsecureCerts: false, browserName: chrome, browserVersion: 109.0.5414.120, chrome: {chromedriverVersion: 109.0.5414.74 (e7c5703604da..., userDataDir: C:\Users\rafroz\AppData\Loc...}, goog:chromeOptions: {debuggerAddress: localhost:51834}, javascriptEnabled: true, networkConnectionEnabled: false, pageLoadStrategy: normal, platform: WINDOWS, platformName: WINDOWS, proxy: Proxy(), se:cdp: ws://localhost:51834/devtoo..., se:cdpVersion: 109.0.5414.120, setWindowRect: true, strictFileInteractability: false, timeouts: {implicit: 0, pageLoad: 300000, script: 30000}, unhandledPromptBehavior: dismiss and notify, webauthn:extension:credBlob: true, webauthn:extension:largeBlob: true, webauthn:virtualAuthenticators: true}
Session ID: 23a4fedaccf84d198d0cc41926d7be12
at jdk.internal.reflect.GeneratedConstructorAccessor49.newInstance(Unknown Source)
at java.base/jdk.internal.reflect.DelegatingConstructorAccessorImpl.newInstance(DelegatingConstructorAccessorImpl.java:45)
at java.base/java.lang.reflect.Constructor.newInstanceWithCaller(Constructor.java:499)
at java.base/java.lang.reflect.Constructor.newInstance(Constructor.java:480)
at org.openqa.selenium.remote.codec.w3c.W3CHttpResponseCodec.createException(W3CHttpResponseCodec.java:200)
at org.openqa.selenium.remote.codec.w3c.W3CHttpResponseCodec.decode(W3CHttpResponseCodec.java:133)
at org.openqa.selenium.remote.codec.w3c.W3CHttpResponseCodec.decode(W3CHttpResponseCodec.java:53)
at org.openqa.selenium.remote.HttpCommandExecutor.execute(HttpCommandExecutor.java:184)
at org.openqa.selenium.remote.service.DriverCommandExecutor.invokeExecute(DriverCommandExecutor.java:164)
at org.openqa.selenium.remote.service.DriverCommandExecutor.execute(DriverCommandExecutor.java:139)
at org.openqa.selenium.remote.RemoteWebDriver.execute(RemoteWebDriver.java:559)
at org.openqa.selenium.remote.ElementLocation$ElementFinder$2.findElement(ElementLocation.java:162)
at org.openqa.selenium.remote.ElementLocation.findElement(ElementLocation.java:66)
at org.openqa.selenium.remote.RemoteWebDriver.findElement(RemoteWebDriver.java:383)
at org.openqa.selenium.remote.RemoteWebDriver.findElement(RemoteWebDriver.java:375)
at com.qa.ngageplatform.utils.ElementUtil.getElement(ElementUtil.java:216)
at com.qa.ngageplatform.utils.ElementUtil.doClear(ElementUtil.java:101)
at com.qa.ngageplatform.utils.ElementUtil.doSendKeys(ElementUtil.java:112)
at com.qa.ngageplatform.pages.LoginPage.enterUserName(LoginPage.java:45)
at com.qa.ngageplatform.pages.LoginPage.doLogin(LoginPage.java:79)
at com.qa.ngageplatform.smoke.MyWorkTest.verifyActivityADashboardBarGraphAndWorkItemTableOnAssignmentScreen_MW015(MyWorkTest.java:336)
at java.base/jdk.internal.reflect.NativeMethodAccessorImpl.invoke0(Native Method)
at java.base/jdk.internal.reflect.NativeMethodAccessorImpl.invoke(NativeMethodAccessorImpl.java:77)
at java.base/jdk.internal.reflect.DelegatingMethodAccessorImpl.invoke(DelegatingMethodAccessorImpl.java:43)
at java.base/java.lang.reflect.Method.invoke(Method.java:568)
at org.testng.internal.MethodInvocationHelper.invokeMethod(MethodInvocationHelper.java:124)
at org.testng.internal.Invoker.invokeMethod(Invoker.java:583)
at org.testng.internal.Invoker.retryFailed(Invoker.java:839)
at org.testng.internal.Invoker.invokeTestMethods(Invoker.java:1010)
at org.testng.internal.TestMethodWorker.invokeTestMethods(TestMethodWorker.java:125)
at org.testng.internal.TestMethodWorker.run(TestMethodWorker.java:109)
at java.base/java.util.concurrent.ThreadPoolExecutor.runWorker(ThreadPoolExecutor.java:1136)
at java.base/java.util.concurrent.ThreadPoolExecutor$Worker.run(ThreadPoolExecutor.java:635)
at java.base/java.lang.Thread.run(Thread.java:833)
]]>
    </failure>
  </testcase> <!-- verifyActivityADashboardBarGraphAndWorkItemTableOnAssignmentScreen_MW015 -->
  <testcase classname="com.qa.ngageplatform.smoke.HomePageTest" name="verifyRecentDocumentList_HOME_001_HOME_002_HOME_003_HOME007_HOME009" time="0.02">
    <skipped/>
  </testcase> <!-- verifyRecentDocumentList_HOME_001_HOME_002_HOME_003_HOME007_HOME009 -->
  <testcase classname="com.qa.ngageplatform.smoke.WMITest" name="verifyCategoryMenuTab_WMI7" time="0.011">
    <skipped/>
  </testcase> <!-- verifyCategoryMenuTab_WMI7 -->
  <testcase classname="com.qa.ngageplatform.smoke.MyWorkTest" name="verifyActivityADashboardBarGraphAndWorkItemTableOnEventScreen" time="0.014">
    <skipped/>
  </testcase> <!-- verifyActivityADashboardBarGraphAndWorkItemTableOnEventScreen -->
  <testcase classname="com.qa.ngageplatform.smoke.HomePageTest" name="verifyRecentDocumentList_HOME_001_HOME_002_HOME_003_HOME007_HOME009" time="0.018">
    <skipped/>
  </testcase> <!-- verifyRecentDocumentList_HOME_001_HOME_002_HOME_003_HOME007_HOME009 -->
  <testcase classname="com.qa.ngageplatform.smoke.WMITest" name="verifyCategoryMenuTab_WMI7" time="0.01">
    <skipped/>
  </testcase> <!-- verifyCategoryMenuTab_WMI7 -->
  <testcase classname="com.qa.ngageplatform.smoke.MyWorkTest" name="verifyActivityADashboardBarGraphAndWorkItemTableOnEventScreen" time="0.009">
    <skipped/>
  </testcase> <!-- verifyActivityADashboardBarGraphAndWorkItemTableOnEventScreen -->
  <testcase classname="com.qa.ngageplatform.smoke.HomePageTest" name="verifyRecentDocumentList_HOME_001_HOME_002_HOME_003_HOME007_HOME009" time="0.018">
    <skipped/>
  </testcase> <!-- verifyRecentDocumentList_HOME_001_HOME_002_HOME_003_HOME007_HOME009 -->
  <testcase classname="com.qa.ngageplatform.smoke.WMITest" name="verifyCategoryMenuTab_WMI7" time="0.011">
    <skipped/>
  </testcase> <!-- verifyCategoryMenuTab_WMI7 -->
  <testcase classname="com.qa.ngageplatform.smoke.MyWorkTest" name="verifyActivityADashboardBarGraphAndWorkItemTableOnEventScreen" time="0.108">
    <skipped/>
  </testcase> <!-- verifyActivityADashboardBarGraphAndWorkItemTableOnEventScreen -->
  <testcase classname="com.qa.ngageplatform.smoke.HomePageTest" name="verifyRecentDocumentList_HOME_001_HOME_002_HOME_003_HOME007_HOME009" time="0.018">
    <failure type="org.openqa.selenium.NoSuchElementException" message="no such element: Unable to locate element: {&amp;quot;method&amp;quot;:&amp;quot;css selector&amp;quot;,&amp;quot;selector&amp;quot;:&amp;quot;#Login1_UserName&amp;quot;}
  (Session info: chrome=109.0.5414.120)
For documentation on this error, please visit: https://selenium.dev/exceptions/#no_such_element
Build info: version: &amp;apos;4.0.0&amp;apos;, revision: &amp;apos;3a21814679&amp;apos;
System info: host: &amp;apos;SA-RAFROZ-LT&amp;apos;, ip: &amp;apos;10.133.8.50&amp;apos;, os.name: &amp;apos;Windows 10&amp;apos;, os.arch: &amp;apos;amd64&amp;apos;, os.version: &amp;apos;10.0&amp;apos;, java.version: &amp;apos;17.0.4.1&amp;apos;
Driver info: org.openqa.selenium.chrome.ChromeDriver
Command: [398e39a6b2d02fa38d45c98a9e44f92b, findElement {using=id, value=Login1_UserName}]
Capabilities {acceptInsecureCerts: false, browserName: chrome, browserVersion: 109.0.5414.120, chrome: {chromedriverVersion: 109.0.5414.74 (e7c5703604da..., userDataDir: C:\Users\rafroz\AppData\Loc...}, goog:chromeOptions: {debuggerAddress: localhost:52088}, javascriptEnabled: true, networkConnectionEnabled: false, pageLoadStrategy: normal, platform: WINDOWS, platformName: WINDOWS, proxy: Proxy(), se:cdp: ws://localhost:52088/devtoo..., se:cdpVersion: 109.0.5414.120, setWindowRect: true, strictFileInteractability: false, timeouts: {implicit: 0, pageLoad: 300000, script: 30000}, unhandledPromptBehavior: dismiss and notify, webauthn:extension:credBlob: true, webauthn:extension:largeBlob: true, webauthn:virtualAuthenticators: true}
Session ID: 398e39a6b2d02fa38d45c98a9e44f92b">
      <![CDATA[org.openqa.selenium.NoSuchElementException: no such element: Unable to locate element: {"method":"css selector","selector":"#Login1_UserName"}
  (Session info: chrome=109.0.5414.120)
For documentation on this error, please visit: https://selenium.dev/exceptions/#no_such_element
Build info: version: '4.0.0', revision: '3a21814679'
System info: host: 'SA-RAFROZ-LT', ip: '10.133.8.50', os.name: 'Windows 10', os.arch: 'amd64', os.version: '10.0', java.version: '17.0.4.1'
Driver info: org.openqa.selenium.chrome.ChromeDriver
Command: [398e39a6b2d02fa38d45c98a9e44f92b, findElement {using=id, value=Login1_UserName}]
Capabilities {acceptInsecureCerts: false, browserName: chrome, browserVersion: 109.0.5414.120, chrome: {chromedriverVersion: 109.0.5414.74 (e7c5703604da..., userDataDir: C:\Users\rafroz\AppData\Loc...}, goog:chromeOptions: {debuggerAddress: localhost:52088}, javascriptEnabled: true, networkConnectionEnabled: false, pageLoadStrategy: normal, platform: WINDOWS, platformName: WINDOWS, proxy: Proxy(), se:cdp: ws://localhost:52088/devtoo..., se:cdpVersion: 109.0.5414.120, setWindowRect: true, strictFileInteractability: false, timeouts: {implicit: 0, pageLoad: 300000, script: 30000}, unhandledPromptBehavior: dismiss and notify, webauthn:extension:credBlob: true, webauthn:extension:largeBlob: true, webauthn:virtualAuthenticators: true}
Session ID: 398e39a6b2d02fa38d45c98a9e44f92b
at jdk.internal.reflect.GeneratedConstructorAccessor49.newInstance(Unknown Source)
at java.base/jdk.internal.reflect.DelegatingConstructorAccessorImpl.newInstance(DelegatingConstructorAccessorImpl.java:45)
at java.base/java.lang.reflect.Constructor.newInstanceWithCaller(Constructor.java:499)
at java.base/java.lang.reflect.Constructor.newInstance(Constructor.java:480)
at org.openqa.selenium.remote.codec.w3c.W3CHttpResponseCodec.createException(W3CHttpResponseCodec.java:200)
at org.openqa.selenium.remote.codec.w3c.W3CHttpResponseCodec.decode(W3CHttpResponseCodec.java:133)
at org.openqa.selenium.remote.codec.w3c.W3CHttpResponseCodec.decode(W3CHttpResponseCodec.java:53)
at org.openqa.selenium.remote.HttpCommandExecutor.execute(HttpCommandExecutor.java:184)
at org.openqa.selenium.remote.service.DriverCommandExecutor.invokeExecute(DriverCommandExecutor.java:164)
at org.openqa.selenium.remote.service.DriverCommandExecutor.execute(DriverCommandExecutor.java:139)
at org.openqa.selenium.remote.RemoteWebDriver.execute(RemoteWebDriver.java:559)
at org.openqa.selenium.remote.ElementLocation$ElementFinder$2.findElement(ElementLocation.java:162)
at org.openqa.selenium.remote.ElementLocation.findElement(ElementLocation.java:66)
at org.openqa.selenium.remote.RemoteWebDriver.findElement(RemoteWebDriver.java:383)
at org.openqa.selenium.remote.RemoteWebDriver.findElement(RemoteWebDriver.java:375)
at com.qa.ngageplatform.utils.ElementUtil.getElement(ElementUtil.java:216)
at com.qa.ngageplatform.utils.ElementUtil.doClear(ElementUtil.java:101)
at com.qa.ngageplatform.utils.ElementUtil.doSendKeys(ElementUtil.java:112)
at com.qa.ngageplatform.pages.LoginPage.enterUserName(LoginPage.java:45)
at com.qa.ngageplatform.pages.LoginPage.doLogin(LoginPage.java:79)
at com.qa.ngageplatform.smoke.HomePageTest.verifyRecentDocumentList_HOME_001_HOME_002_HOME_003_HOME007_HOME009(HomePageTest.java:15)
at java.base/jdk.internal.reflect.NativeMethodAccessorImpl.invoke0(Native Method)
at java.base/jdk.internal.reflect.NativeMethodAccessorImpl.invoke(NativeMethodAccessorImpl.java:77)
at java.base/jdk.internal.reflect.DelegatingMethodAccessorImpl.invoke(DelegatingMethodAccessorImpl.java:43)
at java.base/java.lang.reflect.Method.invoke(Method.java:568)
at org.testng.internal.MethodInvocationHelper.invokeMethod(MethodInvocationHelper.java:124)
at org.testng.internal.Invoker.invokeMethod(Invoker.java:583)
at org.testng.internal.Invoker.retryFailed(Invoker.java:839)
at org.testng.internal.Invoker.invokeTestMethods(Invoker.java:1010)
at org.testng.internal.TestMethodWorker.invokeTestMethods(TestMethodWorker.java:125)
at org.testng.internal.TestMethodWorker.run(TestMethodWorker.java:109)
at java.base/java.util.concurrent.ThreadPoolExecutor.runWorker(ThreadPoolExecutor.java:1136)
at java.base/java.util.concurrent.ThreadPoolExecutor$Worker.run(ThreadPoolExecutor.java:635)
at java.base/java.lang.Thread.run(Thread.java:833)
]]>
    </failure>
  </testcase> <!-- verifyRecentDocumentList_HOME_001_HOME_002_HOME_003_HOME007_HOME009 -->
  <testcase classname="com.qa.ngageplatform.smoke.WMITest" name="verifyCategoryMenuTab_WMI7" time="0.012">
    <failure type="org.openqa.selenium.NoSuchElementException" message="no such element: Unable to locate element: {&amp;quot;method&amp;quot;:&amp;quot;css selector&amp;quot;,&amp;quot;selector&amp;quot;:&amp;quot;#Login1_UserName&amp;quot;}
  (Session info: chrome=109.0.5414.120)
For documentation on this error, please visit: https://selenium.dev/exceptions/#no_such_element
Build info: version: &amp;apos;4.0.0&amp;apos;, revision: &amp;apos;3a21814679&amp;apos;
System info: host: &amp;apos;SA-RAFROZ-LT&amp;apos;, ip: &amp;apos;10.133.8.50&amp;apos;, os.name: &amp;apos;Windows 10&amp;apos;, os.arch: &amp;apos;amd64&amp;apos;, os.version: &amp;apos;10.0&amp;apos;, java.version: &amp;apos;17.0.4.1&amp;apos;
Driver info: org.openqa.selenium.chrome.ChromeDriver
Command: [4e22c5b1a578f39d000e269bace43333, findElement {using=id, value=Login1_UserName}]
Capabilities {acceptInsecureCerts: false, browserName: chrome, browserVersion: 109.0.5414.120, chrome: {chromedriverVersion: 109.0.5414.74 (e7c5703604da..., userDataDir: C:\Users\rafroz\AppData\Loc...}, goog:chromeOptions: {debuggerAddress: localhost:52100}, javascriptEnabled: true, networkConnectionEnabled: false, pageLoadStrategy: normal, platform: WINDOWS, platformName: WINDOWS, proxy: Proxy(), se:cdp: ws://localhost:52100/devtoo..., se:cdpVersion: 109.0.5414.120, setWindowRect: true, strictFileInteractability: false, timeouts: {implicit: 0, pageLoad: 300000, script: 30000}, unhandledPromptBehavior: dismiss and notify, webauthn:extension:credBlob: true, webauthn:extension:largeBlob: true, webauthn:virtualAuthenticators: true}
Session ID: 4e22c5b1a578f39d000e269bace43333">
      <![CDATA[org.openqa.selenium.NoSuchElementException: no such element: Unable to locate element: {"method":"css selector","selector":"#Login1_UserName"}
  (Session info: chrome=109.0.5414.120)
For documentation on this error, please visit: https://selenium.dev/exceptions/#no_such_element
Build info: version: '4.0.0', revision: '3a21814679'
System info: host: 'SA-RAFROZ-LT', ip: '10.133.8.50', os.name: 'Windows 10', os.arch: 'amd64', os.version: '10.0', java.version: '17.0.4.1'
Driver info: org.openqa.selenium.chrome.ChromeDriver
Command: [4e22c5b1a578f39d000e269bace43333, findElement {using=id, value=Login1_UserName}]
Capabilities {acceptInsecureCerts: false, browserName: chrome, browserVersion: 109.0.5414.120, chrome: {chromedriverVersion: 109.0.5414.74 (e7c5703604da..., userDataDir: C:\Users\rafroz\AppData\Loc...}, goog:chromeOptions: {debuggerAddress: localhost:52100}, javascriptEnabled: true, networkConnectionEnabled: false, pageLoadStrategy: normal, platform: WINDOWS, platformName: WINDOWS, proxy: Proxy(), se:cdp: ws://localhost:52100/devtoo..., se:cdpVersion: 109.0.5414.120, setWindowRect: true, strictFileInteractability: false, timeouts: {implicit: 0, pageLoad: 300000, script: 30000}, unhandledPromptBehavior: dismiss and notify, webauthn:extension:credBlob: true, webauthn:extension:largeBlob: true, webauthn:virtualAuthenticators: true}
Session ID: 4e22c5b1a578f39d000e269bace43333
at jdk.internal.reflect.GeneratedConstructorAccessor49.newInstance(Unknown Source)
at java.base/jdk.internal.reflect.DelegatingConstructorAccessorImpl.newInstance(DelegatingConstructorAccessorImpl.java:45)
at java.base/java.lang.reflect.Constructor.newInstanceWithCaller(Constructor.java:499)
at java.base/java.lang.reflect.Constructor.newInstance(Constructor.java:480)
at org.openqa.selenium.remote.codec.w3c.W3CHttpResponseCodec.createException(W3CHttpResponseCodec.java:200)
at org.openqa.selenium.remote.codec.w3c.W3CHttpResponseCodec.decode(W3CHttpResponseCodec.java:133)
at org.openqa.selenium.remote.codec.w3c.W3CHttpResponseCodec.decode(W3CHttpResponseCodec.java:53)
at org.openqa.selenium.remote.HttpCommandExecutor.execute(HttpCommandExecutor.java:184)
at org.openqa.selenium.remote.service.DriverCommandExecutor.invokeExecute(DriverCommandExecutor.java:164)
at org.openqa.selenium.remote.service.DriverCommandExecutor.execute(DriverCommandExecutor.java:139)
at org.openqa.selenium.remote.RemoteWebDriver.execute(RemoteWebDriver.java:559)
at org.openqa.selenium.remote.ElementLocation$ElementFinder$2.findElement(ElementLocation.java:162)
at org.openqa.selenium.remote.ElementLocation.findElement(ElementLocation.java:66)
at org.openqa.selenium.remote.RemoteWebDriver.findElement(RemoteWebDriver.java:383)
at org.openqa.selenium.remote.RemoteWebDriver.findElement(RemoteWebDriver.java:375)
at com.qa.ngageplatform.utils.ElementUtil.getElement(ElementUtil.java:216)
at com.qa.ngageplatform.utils.ElementUtil.doClear(ElementUtil.java:101)
at com.qa.ngageplatform.utils.ElementUtil.doSendKeys(ElementUtil.java:112)
at com.qa.ngageplatform.pages.LoginPage.enterUserName(LoginPage.java:45)
at com.qa.ngageplatform.pages.LoginPage.doLogin(LoginPage.java:79)
at com.qa.ngageplatform.smoke.WMITest.verifyCategoryMenuTab_WMI7(WMITest.java:127)
at java.base/jdk.internal.reflect.NativeMethodAccessorImpl.invoke0(Native Method)
at java.base/jdk.internal.reflect.NativeMethodAccessorImpl.invoke(NativeMethodAccessorImpl.java:77)
at java.base/jdk.internal.reflect.DelegatingMethodAccessorImpl.invoke(DelegatingMethodAccessorImpl.java:43)
at java.base/java.lang.reflect.Method.invoke(Method.java:568)
at org.testng.internal.MethodInvocationHelper.invokeMethod(MethodInvocationHelper.java:124)
at org.testng.internal.Invoker.invokeMethod(Invoker.java:583)
at org.testng.internal.Invoker.retryFailed(Invoker.java:839)
at org.testng.internal.Invoker.invokeTestMethods(Invoker.java:1010)
at org.testng.internal.TestMethodWorker.invokeTestMethods(TestMethodWorker.java:125)
at org.testng.internal.TestMethodWorker.run(TestMethodWorker.java:109)
at java.base/java.util.concurrent.ThreadPoolExecutor.runWorker(ThreadPoolExecutor.java:1136)
at java.base/java.util.concurrent.ThreadPoolExecutor$Worker.run(ThreadPoolExecutor.java:635)
at java.base/java.lang.Thread.run(Thread.java:833)
]]>
    </failure>
  </testcase> <!-- verifyCategoryMenuTab_WMI7 -->
  <testcase classname="com.qa.ngageplatform.smoke.MyWorkTest" name="verifyActivityADashboardBarGraphAndWorkItemTableOnEventScreen" time="0.011">
    <failure type="org.openqa.selenium.NoSuchElementException" message="no such element: Unable to locate element: {&amp;quot;method&amp;quot;:&amp;quot;css selector&amp;quot;,&amp;quot;selector&amp;quot;:&amp;quot;#Login1_UserName&amp;quot;}
  (Session info: chrome=109.0.5414.120)
For documentation on this error, please visit: https://selenium.dev/exceptions/#no_such_element
Build info: version: &amp;apos;4.0.0&amp;apos;, revision: &amp;apos;3a21814679&amp;apos;
System info: host: &amp;apos;SA-RAFROZ-LT&amp;apos;, ip: &amp;apos;10.133.8.50&amp;apos;, os.name: &amp;apos;Windows 10&amp;apos;, os.arch: &amp;apos;amd64&amp;apos;, os.version: &amp;apos;10.0&amp;apos;, java.version: &amp;apos;17.0.4.1&amp;apos;
Driver info: org.openqa.selenium.chrome.ChromeDriver
Command: [fdc6f5edacb0c69a3dff39913771cfbd, findElement {using=id, value=Login1_UserName}]
Capabilities {acceptInsecureCerts: false, browserName: chrome, browserVersion: 109.0.5414.120, chrome: {chromedriverVersion: 109.0.5414.74 (e7c5703604da..., userDataDir: C:\Users\rafroz\AppData\Loc...}, goog:chromeOptions: {debuggerAddress: localhost:52107}, javascriptEnabled: true, networkConnectionEnabled: false, pageLoadStrategy: normal, platform: WINDOWS, platformName: WINDOWS, proxy: Proxy(), se:cdp: ws://localhost:52107/devtoo..., se:cdpVersion: 109.0.5414.120, setWindowRect: true, strictFileInteractability: false, timeouts: {implicit: 0, pageLoad: 300000, script: 30000}, unhandledPromptBehavior: dismiss and notify, webauthn:extension:credBlob: true, webauthn:extension:largeBlob: true, webauthn:virtualAuthenticators: true}
Session ID: fdc6f5edacb0c69a3dff39913771cfbd">
      <![CDATA[org.openqa.selenium.NoSuchElementException: no such element: Unable to locate element: {"method":"css selector","selector":"#Login1_UserName"}
  (Session info: chrome=109.0.5414.120)
For documentation on this error, please visit: https://selenium.dev/exceptions/#no_such_element
Build info: version: '4.0.0', revision: '3a21814679'
System info: host: 'SA-RAFROZ-LT', ip: '10.133.8.50', os.name: 'Windows 10', os.arch: 'amd64', os.version: '10.0', java.version: '17.0.4.1'
Driver info: org.openqa.selenium.chrome.ChromeDriver
Command: [fdc6f5edacb0c69a3dff39913771cfbd, findElement {using=id, value=Login1_UserName}]
Capabilities {acceptInsecureCerts: false, browserName: chrome, browserVersion: 109.0.5414.120, chrome: {chromedriverVersion: 109.0.5414.74 (e7c5703604da..., userDataDir: C:\Users\rafroz\AppData\Loc...}, goog:chromeOptions: {debuggerAddress: localhost:52107}, javascriptEnabled: true, networkConnectionEnabled: false, pageLoadStrategy: normal, platform: WINDOWS, platformName: WINDOWS, proxy: Proxy(), se:cdp: ws://localhost:52107/devtoo..., se:cdpVersion: 109.0.5414.120, setWindowRect: true, strictFileInteractability: false, timeouts: {implicit: 0, pageLoad: 300000, script: 30000}, unhandledPromptBehavior: dismiss and notify, webauthn:extension:credBlob: true, webauthn:extension:largeBlob: true, webauthn:virtualAuthenticators: true}
Session ID: fdc6f5edacb0c69a3dff39913771cfbd
at jdk.internal.reflect.GeneratedConstructorAccessor49.newInstance(Unknown Source)
at java.base/jdk.internal.reflect.DelegatingConstructorAccessorImpl.newInstance(DelegatingConstructorAccessorImpl.java:45)
at java.base/java.lang.reflect.Constructor.newInstanceWithCaller(Constructor.java:499)
at java.base/java.lang.reflect.Constructor.newInstance(Constructor.java:480)
at org.openqa.selenium.remote.codec.w3c.W3CHttpResponseCodec.createException(W3CHttpResponseCodec.java:200)
at org.openqa.selenium.remote.codec.w3c.W3CHttpResponseCodec.decode(W3CHttpResponseCodec.java:133)
at org.openqa.selenium.remote.codec.w3c.W3CHttpResponseCodec.decode(W3CHttpResponseCodec.java:53)
at org.openqa.selenium.remote.HttpCommandExecutor.execute(HttpCommandExecutor.java:184)
at org.openqa.selenium.remote.service.DriverCommandExecutor.invokeExecute(DriverCommandExecutor.java:164)
at org.openqa.selenium.remote.service.DriverCommandExecutor.execute(DriverCommandExecutor.java:139)
at org.openqa.selenium.remote.RemoteWebDriver.execute(RemoteWebDriver.java:559)
at org.openqa.selenium.remote.ElementLocation$ElementFinder$2.findElement(ElementLocation.java:162)
at org.openqa.selenium.remote.ElementLocation.findElement(ElementLocation.java:66)
at org.openqa.selenium.remote.RemoteWebDriver.findElement(RemoteWebDriver.java:383)
at org.openqa.selenium.remote.RemoteWebDriver.findElement(RemoteWebDriver.java:375)
at com.qa.ngageplatform.utils.ElementUtil.getElement(ElementUtil.java:216)
at com.qa.ngageplatform.utils.ElementUtil.doClear(ElementUtil.java:101)
at com.qa.ngageplatform.utils.ElementUtil.doSendKeys(ElementUtil.java:112)
at com.qa.ngageplatform.pages.LoginPage.enterUserName(LoginPage.java:45)
at com.qa.ngageplatform.pages.LoginPage.doLogin(LoginPage.java:79)
at com.qa.ngageplatform.smoke.MyWorkTest.verifyActivityADashboardBarGraphAndWorkItemTableOnEventScreen(MyWorkTest.java:367)
at java.base/jdk.internal.reflect.NativeMethodAccessorImpl.invoke0(Native Method)
at java.base/jdk.internal.reflect.NativeMethodAccessorImpl.invoke(NativeMethodAccessorImpl.java:77)
at java.base/jdk.internal.reflect.DelegatingMethodAccessorImpl.invoke(DelegatingMethodAccessorImpl.java:43)
at java.base/java.lang.reflect.Method.invoke(Method.java:568)
at org.testng.internal.MethodInvocationHelper.invokeMethod(MethodInvocationHelper.java:124)
at org.testng.internal.Invoker.invokeMethod(Invoker.java:583)
at org.testng.internal.Invoker.retryFailed(Invoker.java:839)
at org.testng.internal.Invoker.invokeTestMethods(Invoker.java:1010)
at org.testng.internal.TestMethodWorker.invokeTestMethods(TestMethodWorker.java:125)
at org.testng.internal.TestMethodWorker.run(TestMethodWorker.java:109)
at java.base/java.util.concurrent.ThreadPoolExecutor.runWorker(ThreadPoolExecutor.java:1136)
at java.base/java.util.concurrent.ThreadPoolExecutor$Worker.run(ThreadPoolExecutor.java:635)
at java.base/java.lang.Thread.run(Thread.java:833)
]]>
    </failure>
  </testcase> <!-- verifyActivityADashboardBarGraphAndWorkItemTableOnEventScreen -->
  <testcase classname="com.qa.ngageplatform.smoke.HomePageTest" name="verifyUploadedPDFDocument_HOME008" time="0.024">
    <skipped/>
  </testcase> <!-- verifyUploadedPDFDocument_HOME008 -->
  <testcase classname="com.qa.ngageplatform.smoke.WMITest" name="verifyMasterObjectFeatureWorkItemComponents_WMI7" time="0.013">
    <skipped/>
  </testcase> <!-- verifyMasterObjectFeatureWorkItemComponents_WMI7 -->
  <testcase classname="com.qa.ngageplatform.smoke.MyWorkTest" name="verifyActivityADashboardBarGraphAndWorkItemTableOnNewVsInprocessScreen" time="0.011">
    <skipped/>
  </testcase> <!-- verifyActivityADashboardBarGraphAndWorkItemTableOnNewVsInprocessScreen -->
  <testcase classname="com.qa.ngageplatform.smoke.HomePageTest" name="verifyUploadedPDFDocument_HOME008" time="0.027">
    <skipped/>
  </testcase> <!-- verifyUploadedPDFDocument_HOME008 -->
  <testcase classname="com.qa.ngageplatform.smoke.WMITest" name="verifyMasterObjectFeatureWorkItemComponents_WMI7" time="0.013">
    <skipped/>
  </testcase> <!-- verifyMasterObjectFeatureWorkItemComponents_WMI7 -->
  <testcase classname="com.qa.ngageplatform.smoke.MyWorkTest" name="verifyActivityADashboardBarGraphAndWorkItemTableOnNewVsInprocessScreen" time="0.011">
    <skipped/>
  </testcase> <!-- verifyActivityADashboardBarGraphAndWorkItemTableOnNewVsInprocessScreen -->
  <testcase classname="com.qa.ngageplatform.smoke.HomePageTest" name="verifyUploadedPDFDocument_HOME008" time="0.015">
    <skipped/>
  </testcase> <!-- verifyUploadedPDFDocument_HOME008 -->
  <testcase classname="com.qa.ngageplatform.smoke.WMITest" name="verifyMasterObjectFeatureWorkItemComponents_WMI7" time="0.013">
    <skipped/>
  </testcase> <!-- verifyMasterObjectFeatureWorkItemComponents_WMI7 -->
  <testcase classname="com.qa.ngageplatform.smoke.MyWorkTest" name="verifyActivityADashboardBarGraphAndWorkItemTableOnNewVsInprocessScreen" time="0.011">
    <skipped/>
  </testcase> <!-- verifyActivityADashboardBarGraphAndWorkItemTableOnNewVsInprocessScreen -->
  <testcase classname="com.qa.ngageplatform.smoke.HomePageTest" name="verifyUploadedPDFDocument_HOME008" time="0.013">
    <failure type="org.openqa.selenium.NoSuchElementException" message="no such element: Unable to locate element: {&amp;quot;method&amp;quot;:&amp;quot;css selector&amp;quot;,&amp;quot;selector&amp;quot;:&amp;quot;#Login1_UserName&amp;quot;}
  (Session info: chrome=109.0.5414.120)
For documentation on this error, please visit: https://selenium.dev/exceptions/#no_such_element
Build info: version: &amp;apos;4.0.0&amp;apos;, revision: &amp;apos;3a21814679&amp;apos;
System info: host: &amp;apos;SA-RAFROZ-LT&amp;apos;, ip: &amp;apos;10.133.8.50&amp;apos;, os.name: &amp;apos;Windows 10&amp;apos;, os.arch: &amp;apos;amd64&amp;apos;, os.version: &amp;apos;10.0&amp;apos;, java.version: &amp;apos;17.0.4.1&amp;apos;
Driver info: org.openqa.selenium.chrome.ChromeDriver
Command: [01cf0ba200a40dec04fbc884e0e45bbb, findElement {using=id, value=Login1_UserName}]
Capabilities {acceptInsecureCerts: false, browserName: chrome, browserVersion: 109.0.5414.120, chrome: {chromedriverVersion: 109.0.5414.74 (e7c5703604da..., userDataDir: C:\Users\rafroz\AppData\Loc...}, goog:chromeOptions: {debuggerAddress: localhost:52310}, javascriptEnabled: true, networkConnectionEnabled: false, pageLoadStrategy: normal, platform: WINDOWS, platformName: WINDOWS, proxy: Proxy(), se:cdp: ws://localhost:52310/devtoo..., se:cdpVersion: 109.0.5414.120, setWindowRect: true, strictFileInteractability: false, timeouts: {implicit: 0, pageLoad: 300000, script: 30000}, unhandledPromptBehavior: dismiss and notify, webauthn:extension:credBlob: true, webauthn:extension:largeBlob: true, webauthn:virtualAuthenticators: true}
Session ID: 01cf0ba200a40dec04fbc884e0e45bbb">
      <![CDATA[org.openqa.selenium.NoSuchElementException: no such element: Unable to locate element: {"method":"css selector","selector":"#Login1_UserName"}
  (Session info: chrome=109.0.5414.120)
For documentation on this error, please visit: https://selenium.dev/exceptions/#no_such_element
Build info: version: '4.0.0', revision: '3a21814679'
System info: host: 'SA-RAFROZ-LT', ip: '10.133.8.50', os.name: 'Windows 10', os.arch: 'amd64', os.version: '10.0', java.version: '17.0.4.1'
Driver info: org.openqa.selenium.chrome.ChromeDriver
Command: [01cf0ba200a40dec04fbc884e0e45bbb, findElement {using=id, value=Login1_UserName}]
Capabilities {acceptInsecureCerts: false, browserName: chrome, browserVersion: 109.0.5414.120, chrome: {chromedriverVersion: 109.0.5414.74 (e7c5703604da..., userDataDir: C:\Users\rafroz\AppData\Loc...}, goog:chromeOptions: {debuggerAddress: localhost:52310}, javascriptEnabled: true, networkConnectionEnabled: false, pageLoadStrategy: normal, platform: WINDOWS, platformName: WINDOWS, proxy: Proxy(), se:cdp: ws://localhost:52310/devtoo..., se:cdpVersion: 109.0.5414.120, setWindowRect: true, strictFileInteractability: false, timeouts: {implicit: 0, pageLoad: 300000, script: 30000}, unhandledPromptBehavior: dismiss and notify, webauthn:extension:credBlob: true, webauthn:extension:largeBlob: true, webauthn:virtualAuthenticators: true}
Session ID: 01cf0ba200a40dec04fbc884e0e45bbb
at jdk.internal.reflect.GeneratedConstructorAccessor49.newInstance(Unknown Source)
at java.base/jdk.internal.reflect.DelegatingConstructorAccessorImpl.newInstance(DelegatingConstructorAccessorImpl.java:45)
at java.base/java.lang.reflect.Constructor.newInstanceWithCaller(Constructor.java:499)
at java.base/java.lang.reflect.Constructor.newInstance(Constructor.java:480)
at org.openqa.selenium.remote.codec.w3c.W3CHttpResponseCodec.createException(W3CHttpResponseCodec.java:200)
at org.openqa.selenium.remote.codec.w3c.W3CHttpResponseCodec.decode(W3CHttpResponseCodec.java:133)
at org.openqa.selenium.remote.codec.w3c.W3CHttpResponseCodec.decode(W3CHttpResponseCodec.java:53)
at org.openqa.selenium.remote.HttpCommandExecutor.execute(HttpCommandExecutor.java:184)
at org.openqa.selenium.remote.service.DriverCommandExecutor.invokeExecute(DriverCommandExecutor.java:164)
at org.openqa.selenium.remote.service.DriverCommandExecutor.execute(DriverCommandExecutor.java:139)
at org.openqa.selenium.remote.RemoteWebDriver.execute(RemoteWebDriver.java:559)
at org.openqa.selenium.remote.ElementLocation$ElementFinder$2.findElement(ElementLocation.java:162)
at org.openqa.selenium.remote.ElementLocation.findElement(ElementLocation.java:66)
at org.openqa.selenium.remote.RemoteWebDriver.findElement(RemoteWebDriver.java:383)
at org.openqa.selenium.remote.RemoteWebDriver.findElement(RemoteWebDriver.java:375)
at com.qa.ngageplatform.utils.ElementUtil.getElement(ElementUtil.java:216)
at com.qa.ngageplatform.utils.ElementUtil.doClear(ElementUtil.java:101)
at com.qa.ngageplatform.utils.ElementUtil.doSendKeys(ElementUtil.java:112)
at com.qa.ngageplatform.pages.LoginPage.enterUserName(LoginPage.java:45)
at com.qa.ngageplatform.pages.LoginPage.doLogin(LoginPage.java:79)
at com.qa.ngageplatform.smoke.HomePageTest.verifyUploadedPDFDocument_HOME008(HomePageTest.java:85)
at java.base/jdk.internal.reflect.NativeMethodAccessorImpl.invoke0(Native Method)
at java.base/jdk.internal.reflect.NativeMethodAccessorImpl.invoke(NativeMethodAccessorImpl.java:77)
at java.base/jdk.internal.reflect.DelegatingMethodAccessorImpl.invoke(DelegatingMethodAccessorImpl.java:43)
at java.base/java.lang.reflect.Method.invoke(Method.java:568)
at org.testng.internal.MethodInvocationHelper.invokeMethod(MethodInvocationHelper.java:124)
at org.testng.internal.Invoker.invokeMethod(Invoker.java:583)
at org.testng.internal.Invoker.retryFailed(Invoker.java:839)
at org.testng.internal.Invoker.invokeTestMethods(Invoker.java:1010)
at org.testng.internal.TestMethodWorker.invokeTestMethods(TestMethodWorker.java:125)
at org.testng.internal.TestMethodWorker.run(TestMethodWorker.java:109)
at java.base/java.util.concurrent.ThreadPoolExecutor.runWorker(ThreadPoolExecutor.java:1136)
at java.base/java.util.concurrent.ThreadPoolExecutor$Worker.run(ThreadPoolExecutor.java:635)
at java.base/java.lang.Thread.run(Thread.java:833)
]]>
    </failure>
  </testcase> <!-- verifyUploadedPDFDocument_HOME008 -->
  <testcase classname="com.qa.ngageplatform.smoke.WMITest" name="verifyMasterObjectFeatureWorkItemComponents_WMI7" time="0.017">
    <failure type="org.openqa.selenium.NoSuchElementException" message="no such element: Unable to locate element: {&amp;quot;method&amp;quot;:&amp;quot;css selector&amp;quot;,&amp;quot;selector&amp;quot;:&amp;quot;#Login1_UserName&amp;quot;}
  (Session info: chrome=109.0.5414.120)
For documentation on this error, please visit: https://selenium.dev/exceptions/#no_such_element
Build info: version: &amp;apos;4.0.0&amp;apos;, revision: &amp;apos;3a21814679&amp;apos;
System info: host: &amp;apos;SA-RAFROZ-LT&amp;apos;, ip: &amp;apos;10.133.8.50&amp;apos;, os.name: &amp;apos;Windows 10&amp;apos;, os.arch: &amp;apos;amd64&amp;apos;, os.version: &amp;apos;10.0&amp;apos;, java.version: &amp;apos;17.0.4.1&amp;apos;
Driver info: org.openqa.selenium.chrome.ChromeDriver
Command: [876b729a5041c09c08341297eaf311c9, findElement {using=id, value=Login1_UserName}]
Capabilities {acceptInsecureCerts: false, browserName: chrome, browserVersion: 109.0.5414.120, chrome: {chromedriverVersion: 109.0.5414.74 (e7c5703604da..., userDataDir: C:\Users\rafroz\AppData\Loc...}, goog:chromeOptions: {debuggerAddress: localhost:52323}, javascriptEnabled: true, networkConnectionEnabled: false, pageLoadStrategy: normal, platform: WINDOWS, platformName: WINDOWS, proxy: Proxy(), se:cdp: ws://localhost:52323/devtoo..., se:cdpVersion: 109.0.5414.120, setWindowRect: true, strictFileInteractability: false, timeouts: {implicit: 0, pageLoad: 300000, script: 30000}, unhandledPromptBehavior: dismiss and notify, webauthn:extension:credBlob: true, webauthn:extension:largeBlob: true, webauthn:virtualAuthenticators: true}
Session ID: 876b729a5041c09c08341297eaf311c9">
      <![CDATA[org.openqa.selenium.NoSuchElementException: no such element: Unable to locate element: {"method":"css selector","selector":"#Login1_UserName"}
  (Session info: chrome=109.0.5414.120)
For documentation on this error, please visit: https://selenium.dev/exceptions/#no_such_element
Build info: version: '4.0.0', revision: '3a21814679'
System info: host: 'SA-RAFROZ-LT', ip: '10.133.8.50', os.name: 'Windows 10', os.arch: 'amd64', os.version: '10.0', java.version: '17.0.4.1'
Driver info: org.openqa.selenium.chrome.ChromeDriver
Command: [876b729a5041c09c08341297eaf311c9, findElement {using=id, value=Login1_UserName}]
Capabilities {acceptInsecureCerts: false, browserName: chrome, browserVersion: 109.0.5414.120, chrome: {chromedriverVersion: 109.0.5414.74 (e7c5703604da..., userDataDir: C:\Users\rafroz\AppData\Loc...}, goog:chromeOptions: {debuggerAddress: localhost:52323}, javascriptEnabled: true, networkConnectionEnabled: false, pageLoadStrategy: normal, platform: WINDOWS, platformName: WINDOWS, proxy: Proxy(), se:cdp: ws://localhost:52323/devtoo..., se:cdpVersion: 109.0.5414.120, setWindowRect: true, strictFileInteractability: false, timeouts: {implicit: 0, pageLoad: 300000, script: 30000}, unhandledPromptBehavior: dismiss and notify, webauthn:extension:credBlob: true, webauthn:extension:largeBlob: true, webauthn:virtualAuthenticators: true}
Session ID: 876b729a5041c09c08341297eaf311c9
at jdk.internal.reflect.GeneratedConstructorAccessor49.newInstance(Unknown Source)
at java.base/jdk.internal.reflect.DelegatingConstructorAccessorImpl.newInstance(DelegatingConstructorAccessorImpl.java:45)
at java.base/java.lang.reflect.Constructor.newInstanceWithCaller(Constructor.java:499)
at java.base/java.lang.reflect.Constructor.newInstance(Constructor.java:480)
at org.openqa.selenium.remote.codec.w3c.W3CHttpResponseCodec.createException(W3CHttpResponseCodec.java:200)
at org.openqa.selenium.remote.codec.w3c.W3CHttpResponseCodec.decode(W3CHttpResponseCodec.java:133)
at org.openqa.selenium.remote.codec.w3c.W3CHttpResponseCodec.decode(W3CHttpResponseCodec.java:53)
at org.openqa.selenium.remote.HttpCommandExecutor.execute(HttpCommandExecutor.java:184)
at org.openqa.selenium.remote.service.DriverCommandExecutor.invokeExecute(DriverCommandExecutor.java:164)
at org.openqa.selenium.remote.service.DriverCommandExecutor.execute(DriverCommandExecutor.java:139)
at org.openqa.selenium.remote.RemoteWebDriver.execute(RemoteWebDriver.java:559)
at org.openqa.selenium.remote.ElementLocation$ElementFinder$2.findElement(ElementLocation.java:162)
at org.openqa.selenium.remote.ElementLocation.findElement(ElementLocation.java:66)
at org.openqa.selenium.remote.RemoteWebDriver.findElement(RemoteWebDriver.java:383)
at org.openqa.selenium.remote.RemoteWebDriver.findElement(RemoteWebDriver.java:375)
at com.qa.ngageplatform.utils.ElementUtil.getElement(ElementUtil.java:216)
at com.qa.ngageplatform.utils.ElementUtil.doClear(ElementUtil.java:101)
at com.qa.ngageplatform.utils.ElementUtil.doSendKeys(ElementUtil.java:112)
at com.qa.ngageplatform.pages.LoginPage.enterUserName(LoginPage.java:45)
at com.qa.ngageplatform.pages.LoginPage.doLogin(LoginPage.java:79)
at com.qa.ngageplatform.smoke.WMITest.verifyMasterObjectFeatureWorkItemComponents_WMI7(WMITest.java:164)
at java.base/jdk.internal.reflect.NativeMethodAccessorImpl.invoke0(Native Method)
at java.base/jdk.internal.reflect.NativeMethodAccessorImpl.invoke(NativeMethodAccessorImpl.java:77)
at java.base/jdk.internal.reflect.DelegatingMethodAccessorImpl.invoke(DelegatingMethodAccessorImpl.java:43)
at java.base/java.lang.reflect.Method.invoke(Method.java:568)
at org.testng.internal.MethodInvocationHelper.invokeMethod(MethodInvocationHelper.java:124)
at org.testng.internal.Invoker.invokeMethod(Invoker.java:583)
at org.testng.internal.Invoker.retryFailed(Invoker.java:839)
at org.testng.internal.Invoker.invokeTestMethods(Invoker.java:1010)
at org.testng.internal.TestMethodWorker.invokeTestMethods(TestMethodWorker.java:125)
at org.testng.internal.TestMethodWorker.run(TestMethodWorker.java:109)
at java.base/java.util.concurrent.ThreadPoolExecutor.runWorker(ThreadPoolExecutor.java:1136)
at java.base/java.util.concurrent.ThreadPoolExecutor$Worker.run(ThreadPoolExecutor.java:635)
at java.base/java.lang.Thread.run(Thread.java:833)
]]>
    </failure>
  </testcase> <!-- verifyMasterObjectFeatureWorkItemComponents_WMI7 -->
  <testcase classname="com.qa.ngageplatform.smoke.MyWorkTest" name="verifyActivityADashboardBarGraphAndWorkItemTableOnNewVsInprocessScreen" time="0.009">
    <failure type="org.openqa.selenium.NoSuchElementException" message="no such element: Unable to locate element: {&amp;quot;method&amp;quot;:&amp;quot;css selector&amp;quot;,&amp;quot;selector&amp;quot;:&amp;quot;#Login1_UserName&amp;quot;}
  (Session info: chrome=109.0.5414.120)
For documentation on this error, please visit: https://selenium.dev/exceptions/#no_such_element
Build info: version: &amp;apos;4.0.0&amp;apos;, revision: &amp;apos;3a21814679&amp;apos;
System info: host: &amp;apos;SA-RAFROZ-LT&amp;apos;, ip: &amp;apos;10.133.8.50&amp;apos;, os.name: &amp;apos;Windows 10&amp;apos;, os.arch: &amp;apos;amd64&amp;apos;, os.version: &amp;apos;10.0&amp;apos;, java.version: &amp;apos;17.0.4.1&amp;apos;
Driver info: org.openqa.selenium.chrome.ChromeDriver
Command: [41b89c91686f7d0ac0a407cc3996e109, findElement {using=id, value=Login1_UserName}]
Capabilities {acceptInsecureCerts: false, browserName: chrome, browserVersion: 109.0.5414.120, chrome: {chromedriverVersion: 109.0.5414.74 (e7c5703604da..., userDataDir: C:\Users\rafroz\AppData\Loc...}, goog:chromeOptions: {debuggerAddress: localhost:52342}, javascriptEnabled: true, networkConnectionEnabled: false, pageLoadStrategy: normal, platform: WINDOWS, platformName: WINDOWS, proxy: Proxy(), se:cdp: ws://localhost:52342/devtoo..., se:cdpVersion: 109.0.5414.120, setWindowRect: true, strictFileInteractability: false, timeouts: {implicit: 0, pageLoad: 300000, script: 30000}, unhandledPromptBehavior: dismiss and notify, webauthn:extension:credBlob: true, webauthn:extension:largeBlob: true, webauthn:virtualAuthenticators: true}
Session ID: 41b89c91686f7d0ac0a407cc3996e109">
      <![CDATA[org.openqa.selenium.NoSuchElementException: no such element: Unable to locate element: {"method":"css selector","selector":"#Login1_UserName"}
  (Session info: chrome=109.0.5414.120)
For documentation on this error, please visit: https://selenium.dev/exceptions/#no_such_element
Build info: version: '4.0.0', revision: '3a21814679'
System info: host: 'SA-RAFROZ-LT', ip: '10.133.8.50', os.name: 'Windows 10', os.arch: 'amd64', os.version: '10.0', java.version: '17.0.4.1'
Driver info: org.openqa.selenium.chrome.ChromeDriver
Command: [41b89c91686f7d0ac0a407cc3996e109, findElement {using=id, value=Login1_UserName}]
Capabilities {acceptInsecureCerts: false, browserName: chrome, browserVersion: 109.0.5414.120, chrome: {chromedriverVersion: 109.0.5414.74 (e7c5703604da..., userDataDir: C:\Users\rafroz\AppData\Loc...}, goog:chromeOptions: {debuggerAddress: localhost:52342}, javascriptEnabled: true, networkConnectionEnabled: false, pageLoadStrategy: normal, platform: WINDOWS, platformName: WINDOWS, proxy: Proxy(), se:cdp: ws://localhost:52342/devtoo..., se:cdpVersion: 109.0.5414.120, setWindowRect: true, strictFileInteractability: false, timeouts: {implicit: 0, pageLoad: 300000, script: 30000}, unhandledPromptBehavior: dismiss and notify, webauthn:extension:credBlob: true, webauthn:extension:largeBlob: true, webauthn:virtualAuthenticators: true}
Session ID: 41b89c91686f7d0ac0a407cc3996e109
at jdk.internal.reflect.GeneratedConstructorAccessor49.newInstance(Unknown Source)
at java.base/jdk.internal.reflect.DelegatingConstructorAccessorImpl.newInstance(DelegatingConstructorAccessorImpl.java:45)
at java.base/java.lang.reflect.Constructor.newInstanceWithCaller(Constructor.java:499)
at java.base/java.lang.reflect.Constructor.newInstance(Constructor.java:480)
at org.openqa.selenium.remote.codec.w3c.W3CHttpResponseCodec.createException(W3CHttpResponseCodec.java:200)
at org.openqa.selenium.remote.codec.w3c.W3CHttpResponseCodec.decode(W3CHttpResponseCodec.java:133)
at org.openqa.selenium.remote.codec.w3c.W3CHttpResponseCodec.decode(W3CHttpResponseCodec.java:53)
at org.openqa.selenium.remote.HttpCommandExecutor.execute(HttpCommandExecutor.java:184)
at org.openqa.selenium.remote.service.DriverCommandExecutor.invokeExecute(DriverCommandExecutor.java:164)
at org.openqa.selenium.remote.service.DriverCommandExecutor.execute(DriverCommandExecutor.java:139)
at org.openqa.selenium.remote.RemoteWebDriver.execute(RemoteWebDriver.java:559)
at org.openqa.selenium.remote.ElementLocation$ElementFinder$2.findElement(ElementLocation.java:162)
at org.openqa.selenium.remote.ElementLocation.findElement(ElementLocation.java:66)
at org.openqa.selenium.remote.RemoteWebDriver.findElement(RemoteWebDriver.java:383)
at org.openqa.selenium.remote.RemoteWebDriver.findElement(RemoteWebDriver.java:375)
at com.qa.ngageplatform.utils.ElementUtil.getElement(ElementUtil.java:216)
at com.qa.ngageplatform.utils.ElementUtil.doClear(ElementUtil.java:101)
at com.qa.ngageplatform.utils.ElementUtil.doSendKeys(ElementUtil.java:112)
at com.qa.ngageplatform.pages.LoginPage.enterUserName(LoginPage.java:45)
at com.qa.ngageplatform.pages.LoginPage.doLogin(LoginPage.java:79)
at com.qa.ngageplatform.smoke.MyWorkTest.verifyActivityADashboardBarGraphAndWorkItemTableOnNewVsInprocessScreen(MyWorkTest.java:390)
at java.base/jdk.internal.reflect.NativeMethodAccessorImpl.invoke0(Native Method)
at java.base/jdk.internal.reflect.NativeMethodAccessorImpl.invoke(NativeMethodAccessorImpl.java:77)
at java.base/jdk.internal.reflect.DelegatingMethodAccessorImpl.invoke(DelegatingMethodAccessorImpl.java:43)
at java.base/java.lang.reflect.Method.invoke(Method.java:568)
at org.testng.internal.MethodInvocationHelper.invokeMethod(MethodInvocationHelper.java:124)
at org.testng.internal.Invoker.invokeMethod(Invoker.java:583)
at org.testng.internal.Invoker.retryFailed(Invoker.java:839)
at org.testng.internal.Invoker.invokeTestMethods(Invoker.java:1010)
at org.testng.internal.TestMethodWorker.invokeTestMethods(TestMethodWorker.java:125)
at org.testng.internal.TestMethodWorker.run(TestMethodWorker.java:109)
at java.base/java.util.concurrent.ThreadPoolExecutor.runWorker(ThreadPoolExecutor.java:1136)
at java.base/java.util.concurrent.ThreadPoolExecutor$Worker.run(ThreadPoolExecutor.java:635)
at java.base/java.lang.Thread.run(Thread.java:833)
]]>
    </failure>
  </testcase> <!-- verifyActivityADashboardBarGraphAndWorkItemTableOnNewVsInprocessScreen -->
  <testcase classname="com.qa.ngageplatform.smoke.WMITest" name="verifyReferenceObjectInlineNewDocumentContent_WMI2_WMI_3_WMI_4" time="0.016">
    <skipped/>
  </testcase> <!-- verifyReferenceObjectInlineNewDocumentContent_WMI2_WMI_3_WMI_4 -->
  <testcase classname="com.qa.ngageplatform.smoke.WMITest" name="verifyReferenceObjectInlineNewDocumentContent_WMI2_WMI_3_WMI_4" time="133.405"/>
  <testcase classname="com.qa.ngageplatform.smoke.MyWorkTest" name="verifyAssignedWorkItem" time="141.476">
    <skipped/>
  </testcase> <!-- verifyAssignedWorkItem -->
  <testcase classname="com.qa.ngageplatform.smoke.MyWorkTest" name="verifyAssignedWorkItem" time="99.392"/>
  <testcase classname="com.qa.ngageplatform.smoke.MyWorkTest" name="verifyClosureActionDashboardPageContent_MW014" time="29.98"/>
  <testcase classname="com.qa.ngageplatform.smoke.MyWorkTest" name="verifyLockIcon" time="98.77"/>
  <testcase classname="com.qa.ngageplatform.smoke.MyWorkTest" name="verifyPaginationInfoAndCustomerNameForWorkItemList_MW001_MW002" time="64.249"/>
  <testcase classname="com.qa.ngageplatform.smoke.MyWorkTest" name="verifyProcessDueDateBetweenStartAndEndRange_MW005_MW006" time="90.187"/>
  <testcase classname="com.qa.ngageplatform.smoke.MyWorkTest" name="verifyProcessDueDateEndRange_MW004" time="65.366"/>
  <testcase classname="com.qa.ngageplatform.smoke.MyWorkTest" name="verifyProcessDueDateStartRange_MW003" time="61.611"/>
  <testcase classname="com.qa.ngageplatform.smoke.MyWorkTest" name="verifyProcessesDashboardPageContent_MW013" time="40.192"/>
  <testcase classname="com.qa.ngageplatform.smoke.MyWorkTest" name="verifyRightClickOptionForActivityAWithFolderingConfigurationScreenContent" time="31.687"/>
  <testcase classname="com.qa.ngageplatform.smoke.MyWorkTest" name="verifyRightClickOptionForReloadOnPostback_MW008_MW009" time="20.34"/>
  <testcase classname="com.qa.ngageplatform.smoke.MyWorkTest" name="verifyRouteActivityC_MW010" time="22.18">
    <skipped/>
  </testcase> <!-- verifyRouteActivityC_MW010 -->
  <testcase classname="com.qa.ngageplatform.smoke.MyWorkTest" name="verifyRouteActivityC_MW010" time="25.472">
    <skipped/>
  </testcase> <!-- verifyRouteActivityC_MW010 -->
  <testcase classname="com.qa.ngageplatform.smoke.MyWorkTest" name="verifyRouteActivityC_MW010" time="55.727">
    <skipped/>
  </testcase> <!-- verifyRouteActivityC_MW010 -->
  <testcase classname="com.qa.ngageplatform.smoke.MyWorkTest" name="verifyRouteActivityC_MW010" time="53.904">
    <failure type="org.openqa.selenium.StaleElementReferenceException" message="stale element reference: element is not attached to the page document
  (Session info: chrome=109.0.5414.120)
For documentation on this error, please visit: https://selenium.dev/exceptions/#stale_element_reference
Build info: version: &amp;apos;4.0.0&amp;apos;, revision: &amp;apos;3a21814679&amp;apos;
System info: host: &amp;apos;SA-RAFROZ-LT&amp;apos;, ip: &amp;apos;10.133.8.50&amp;apos;, os.name: &amp;apos;Windows 10&amp;apos;, os.arch: &amp;apos;amd64&amp;apos;, os.version: &amp;apos;10.0&amp;apos;, java.version: &amp;apos;17.0.4.1&amp;apos;
Driver info: org.openqa.selenium.chrome.ChromeDriver
Command: [2eb8cfcd1daf67c6bc7c203cbfb9430e, executeScript {script=arguments[0].style.backgroundColor = &amp;apos;rgba(0, 0, 0, 0)&amp;apos;, args=[{ELEMENT=5022410d-ca40-4601-ba7d-632e510ab85a, element-6066-11e4-a52e-4f735466cecf=5022410d-ca40-4601-ba7d-632e510ab85a}]}]
Capabilities {acceptInsecureCerts: false, browserName: chrome, browserVersion: 109.0.5414.120, chrome: {chromedriverVersion: 109.0.5414.74 (e7c5703604da..., userDataDir: C:\Users\rafroz\AppData\Loc...}, goog:chromeOptions: {debuggerAddress: localhost:55497}, javascriptEnabled: true, networkConnectionEnabled: false, pageLoadStrategy: normal, platform: WINDOWS, platformName: WINDOWS, proxy: Proxy(), se:cdp: ws://localhost:55497/devtoo..., se:cdpVersion: 109.0.5414.120, setWindowRect: true, strictFileInteractability: false, timeouts: {implicit: 0, pageLoad: 300000, script: 30000}, unhandledPromptBehavior: dismiss and notify, webauthn:extension:credBlob: true, webauthn:extension:largeBlob: true, webauthn:virtualAuthenticators: true}
Session ID: 2eb8cfcd1daf67c6bc7c203cbfb9430e">
      <![CDATA[org.openqa.selenium.StaleElementReferenceException: stale element reference: element is not attached to the page document
  (Session info: chrome=109.0.5414.120)
For documentation on this error, please visit: https://selenium.dev/exceptions/#stale_element_reference
Build info: version: '4.0.0', revision: '3a21814679'
System info: host: 'SA-RAFROZ-LT', ip: '10.133.8.50', os.name: 'Windows 10', os.arch: 'amd64', os.version: '10.0', java.version: '17.0.4.1'
Driver info: org.openqa.selenium.chrome.ChromeDriver
Command: [2eb8cfcd1daf67c6bc7c203cbfb9430e, executeScript {script=arguments[0].style.backgroundColor = 'rgba(0, 0, 0, 0)', args=[{ELEMENT=5022410d-ca40-4601-ba7d-632e510ab85a, element-6066-11e4-a52e-4f735466cecf=5022410d-ca40-4601-ba7d-632e510ab85a}]}]
Capabilities {acceptInsecureCerts: false, browserName: chrome, browserVersion: 109.0.5414.120, chrome: {chromedriverVersion: 109.0.5414.74 (e7c5703604da..., userDataDir: C:\Users\rafroz\AppData\Loc...}, goog:chromeOptions: {debuggerAddress: localhost:55497}, javascriptEnabled: true, networkConnectionEnabled: false, pageLoadStrategy: normal, platform: WINDOWS, platformName: WINDOWS, proxy: Proxy(), se:cdp: ws://localhost:55497/devtoo..., se:cdpVersion: 109.0.5414.120, setWindowRect: true, strictFileInteractability: false, timeouts: {implicit: 0, pageLoad: 300000, script: 30000}, unhandledPromptBehavior: dismiss and notify, webauthn:extension:credBlob: true, webauthn:extension:largeBlob: true, webauthn:virtualAuthenticators: true}
Session ID: 2eb8cfcd1daf67c6bc7c203cbfb9430e
at java.base/jdk.internal.reflect.NativeConstructorAccessorImpl.newInstance0(Native Method)
at java.base/jdk.internal.reflect.NativeConstructorAccessorImpl.newInstance(NativeConstructorAccessorImpl.java:77)
at java.base/jdk.internal.reflect.DelegatingConstructorAccessorImpl.newInstance(DelegatingConstructorAccessorImpl.java:45)
at java.base/java.lang.reflect.Constructor.newInstanceWithCaller(Constructor.java:499)
at java.base/java.lang.reflect.Constructor.newInstance(Constructor.java:480)
at org.openqa.selenium.remote.codec.w3c.W3CHttpResponseCodec.createException(W3CHttpResponseCodec.java:200)
at org.openqa.selenium.remote.codec.w3c.W3CHttpResponseCodec.decode(W3CHttpResponseCodec.java:133)
at org.openqa.selenium.remote.codec.w3c.W3CHttpResponseCodec.decode(W3CHttpResponseCodec.java:53)
at org.openqa.selenium.remote.HttpCommandExecutor.execute(HttpCommandExecutor.java:184)
at org.openqa.selenium.remote.service.DriverCommandExecutor.invokeExecute(DriverCommandExecutor.java:164)
at org.openqa.selenium.remote.service.DriverCommandExecutor.execute(DriverCommandExecutor.java:139)
at org.openqa.selenium.remote.RemoteWebDriver.execute(RemoteWebDriver.java:559)
at org.openqa.selenium.remote.RemoteWebDriver.executeScript(RemoteWebDriver.java:493)
at com.qa.ngageplatform.utils.JavaScriptUtil.changeColor(JavaScriptUtil.java:44)
at com.qa.ngageplatform.utils.JavaScriptUtil.flash(JavaScriptUtil.java:31)
at com.qa.ngageplatform.utils.ElementUtil.getElement(ElementUtil.java:218)
at com.qa.ngageplatform.utils.ElementUtil.doClick(ElementUtil.java:122)
at com.qa.ngageplatform.pages.WorkItemsScreen.activityAAction(WorkItemsScreen.java:1086)
at com.qa.ngageplatform.smoke.MyWorkTest.verifyRouteActivityC_MW010(MyWorkTest.java:523)
at java.base/jdk.internal.reflect.NativeMethodAccessorImpl.invoke0(Native Method)
at java.base/jdk.internal.reflect.NativeMethodAccessorImpl.invoke(NativeMethodAccessorImpl.java:77)
at java.base/jdk.internal.reflect.DelegatingMethodAccessorImpl.invoke(DelegatingMethodAccessorImpl.java:43)
at java.base/java.lang.reflect.Method.invoke(Method.java:568)
at org.testng.internal.MethodInvocationHelper.invokeMethod(MethodInvocationHelper.java:124)
at org.testng.internal.Invoker.invokeMethod(Invoker.java:583)
at org.testng.internal.Invoker.retryFailed(Invoker.java:839)
at org.testng.internal.Invoker.invokeTestMethods(Invoker.java:1010)
at org.testng.internal.TestMethodWorker.invokeTestMethods(TestMethodWorker.java:125)
at org.testng.internal.TestMethodWorker.run(TestMethodWorker.java:109)
at java.base/java.util.concurrent.ThreadPoolExecutor.runWorker(ThreadPoolExecutor.java:1136)
at java.base/java.util.concurrent.ThreadPoolExecutor$Worker.run(ThreadPoolExecutor.java:635)
at java.base/java.lang.Thread.run(Thread.java:833)
]]>
    </failure>
  </testcase> <!-- verifyRouteActivityC_MW010 -->
  <testcase classname="com.qa.ngageplatform.smoke.MyWorkTest" name="verifySortingByFolderingConfigurationScreenSelection_MW012" time="88.85"/>
  <testcase classname="com.qa.ngageplatform.smoke.MyWorkSimplifiedTest" name="verifyWindowInfoAndCount_MWS007" time="57.838">
    <skipped/>
  </testcase> <!-- verifyWindowInfoAndCount_MWS007 -->
  <testcase classname="com.qa.ngageplatform.smoke.ReportTest" name="verifyAllWorkItemErrorReportGraghExist_Report005" time="65.948">
    <skipped/>
  </testcase> <!-- verifyAllWorkItemErrorReportGraghExist_Report005 -->
  <testcase classname="com.qa.ngageplatform.smoke.RepositoryTest" name="verifySearchResultForDateTimeDoc_Repo003_To_Repo008" time="82.125">
    <skipped/>
  </testcase> <!-- verifySearchResultForDateTimeDoc_Repo003_To_Repo008 -->
  <testcase classname="com.qa.ngageplatform.smoke.ReportTest" name="verifyAllWorkItemErrorReportGraghExist_Report005" time="21.347"/>
  <testcase classname="com.qa.ngageplatform.smoke.MyWorkSimplifiedTest" name="verifyWindowInfoAndCount_MWS007" time="63.361"/>
  <testcase classname="com.qa.ngageplatform.smoke.RepositoryTest" name="verifySearchResultForDateTimeDoc_Repo003_To_Repo008" time="61.299">
    <skipped/>
  </testcase> <!-- verifySearchResultForDateTimeDoc_Repo003_To_Repo008 -->
  <testcase classname="com.qa.ngageplatform.smoke.RepositoryTest" name="verifySearchResultForDateTimeDoc_Repo003_To_Repo008" time="53.81">
    <skipped/>
  </testcase> <!-- verifySearchResultForDateTimeDoc_Repo003_To_Repo008 -->
  <testcase classname="com.qa.ngageplatform.smoke.RepositoryTest" name="verifySearchResultForDateTimeDoc_Repo003_To_Repo008" time="94.946">
    <failure type="java.lang.AssertionError" message="&amp;quot;Showing 1 - 9 of 9&amp;quot; and &amp;quot;&amp;quot; is not equal.Should be equal">
      <![CDATA[java.lang.AssertionError: "Showing 1 - 9 of 9" and "" is not equal.Should be equal
at org.testng.Assert.fail(Assert.java:96)
at com.qa.ngageplatform.utils.AssertionUtil.verifyEqual(AssertionUtil.java:33)
at com.qa.ngageplatform.smoke.RepositoryTest.verifySearchResultForDateTimeDoc_Repo003_To_Repo008(RepositoryTest.java:71)
at java.base/jdk.internal.reflect.NativeMethodAccessorImpl.invoke0(Native Method)
at java.base/jdk.internal.reflect.NativeMethodAccessorImpl.invoke(NativeMethodAccessorImpl.java:77)
at java.base/jdk.internal.reflect.DelegatingMethodAccessorImpl.invoke(DelegatingMethodAccessorImpl.java:43)
at java.base/java.lang.reflect.Method.invoke(Method.java:568)
at org.testng.internal.MethodInvocationHelper.invokeMethod(MethodInvocationHelper.java:124)
at org.testng.internal.Invoker.invokeMethod(Invoker.java:583)
at org.testng.internal.Invoker.retryFailed(Invoker.java:839)
at org.testng.internal.Invoker.invokeTestMethods(Invoker.java:1010)
at org.testng.internal.TestMethodWorker.invokeTestMethods(TestMethodWorker.java:125)
at org.testng.internal.TestMethodWorker.run(TestMethodWorker.java:109)
at java.base/java.util.concurrent.ThreadPoolExecutor.runWorker(ThreadPoolExecutor.java:1136)
at java.base/java.util.concurrent.ThreadPoolExecutor$Worker.run(ThreadPoolExecutor.java:635)
at java.base/java.lang.Thread.run(Thread.java:833)
]]>
    </failure>
  </testcase> <!-- verifySearchResultForDateTimeDoc_Repo003_To_Repo008 -->
  <testcase classname="com.qa.ngageplatform.smoke.ReportTest" name="verifyUserlistingUpdatedResultReportGraghExist_Report_006" time="21.362"/>
  <testcase classname="com.qa.ngageplatform.smoke.MyWorkSimplifiedTest" name="verifyPageCount_MWS008" time="44.969">
    <skipped/>
  </testcase> <!-- verifyPageCount_MWS008 -->
  <testcase classname="com.qa.ngageplatform.smoke.RepositoryTest" name="verifySearchResultForClosureDoc_Repo009_To_Repo010" time="49.48">
    <skipped/>
  </testcase> <!-- verifySearchResultForClosureDoc_Repo009_To_Repo010 -->
  <testcase classname="com.qa.ngageplatform.smoke.MyWorkSimplifiedTest" name="verifyPageCount_MWS008" time="41.292"/>
  <testcase classname="com.qa.ngageplatform.smoke.RepositoryTest" name="verifySearchResultForClosureDoc_Repo009_To_Repo010" time="51.585">
    <skipped/>
  </testcase> <!-- verifySearchResultForClosureDoc_Repo009_To_Repo010 -->
  <testcase classname="com.qa.ngageplatform.smoke.RepositoryTest" name="verifySearchResultForClosureDoc_Repo009_To_Repo010" time="47.555">
    <skipped/>
  </testcase> <!-- verifySearchResultForClosureDoc_Repo009_To_Repo010 -->
  <testcase classname="com.qa.ngageplatform.smoke.RepositoryTest" name="verifySearchResultForClosureDoc_Repo009_To_Repo010" time="45.236">
    <failure type="java.lang.AssertionError" message="Showing 1 - 10 of 1,428 is not contain Showing 21 - 30.Showing 1 - 10 of 1,428 should contains Showing 21 - 30">
      <![CDATA[java.lang.AssertionError: Showing 1 - 10 of 1,428 is not contain Showing 21 - 30.Showing 1 - 10 of 1,428 should contains Showing 21 - 30
at org.testng.Assert.fail(Assert.java:96)
at com.qa.ngageplatform.utils.AssertionUtil.verifyContainsText(AssertionUtil.java:171)
at com.qa.ngageplatform.smoke.RepositoryTest.verifySearchResultForClosureDoc_Repo009_To_Repo010(RepositoryTest.java:97)
at java.base/jdk.internal.reflect.NativeMethodAccessorImpl.invoke0(Native Method)
at java.base/jdk.internal.reflect.NativeMethodAccessorImpl.invoke(NativeMethodAccessorImpl.java:77)
at java.base/jdk.internal.reflect.DelegatingMethodAccessorImpl.invoke(DelegatingMethodAccessorImpl.java:43)
at java.base/java.lang.reflect.Method.invoke(Method.java:568)
at org.testng.internal.MethodInvocationHelper.invokeMethod(MethodInvocationHelper.java:124)
at org.testng.internal.Invoker.invokeMethod(Invoker.java:583)
at org.testng.internal.Invoker.retryFailed(Invoker.java:839)
at org.testng.internal.Invoker.invokeTestMethods(Invoker.java:1010)
at org.testng.internal.TestMethodWorker.invokeTestMethods(TestMethodWorker.java:125)
at org.testng.internal.TestMethodWorker.run(TestMethodWorker.java:109)
at java.base/java.util.concurrent.ThreadPoolExecutor.runWorker(ThreadPoolExecutor.java:1136)
at java.base/java.util.concurrent.ThreadPoolExecutor$Worker.run(ThreadPoolExecutor.java:635)
at java.base/java.lang.Thread.run(Thread.java:833)
]]>
    </failure>
  </testcase> <!-- verifySearchResultForClosureDoc_Repo009_To_Repo010 -->
  <testcase classname="com.qa.ngageplatform.smoke.ReportTest" name="verifyUserGrouplistingReport_007" time="24.909"/>
  <testcase classname="com.qa.ngageplatform.smoke.RepositoryTest" name="verifySearchResultForBusinessModelDoc_Repo011" time="31.409">
    <skipped/>
  </testcase> <!-- verifySearchResultForBusinessModelDoc_Repo011 -->
  <testcase classname="com.qa.ngageplatform.smoke.MyWorkSimplifiedTest" name="verifyRecordSortedAscAndDsc_MWS009" time="63.399"/>
  <testcase classname="com.qa.ngageplatform.smoke.RepositoryTest" name="verifySearchResultForBusinessModelDoc_Repo011" time="30.26"/>
  <testcase classname="com.qa.ngageplatform.smoke.MyWorkSimplifiedTest" name="verifyGetNextIsDisplayesOrNot_MWS010" time="63.146"/>
  <testcase classname="com.qa.ngageplatform.smoke.RepositoryTest" name="verifySearchResultForWMIMenu_Repo012" time="78.434">
    <skipped/>
  </testcase> <!-- verifySearchResultForWMIMenu_Repo012 -->
  <testcase classname="com.qa.ngageplatform.smoke.RepositoryTest" name="verifySearchResultForWMIMenu_Repo012" time="67.362"/>
  <testcase classname="com.qa.ngageplatform.smoke.RepositoryTest" name="verifyCloser_Repo013" time="30.449"/>
  <testcase classname="com.qa.ngageplatform.smoke.RepositoryTest" name="verifyMultivalue_Repo014" time="37.932"/>
</testsuite> <!-- nGgage Regression Suite -->
