<?xml version="1.0" encoding="UTF-8"?>
<!-- Generated by org.testng.reporters.JUnitReportReporter -->
<testsuite hostname="SA-RAFROZ-LT" failures="0" tests="28" name="com.qa.ngageplatform.smoke.MyWorkTest" time="1167.813" errors="4" timestamp="31 Jan 2023 14:36:26 GMT" skipped="13">
  <testcase classname="com.qa.ngageplatform.smoke.MyWorkTest" name="verifyActivityADashboardBarGraphAndWorkItemTableOnNewVsInprocessScreen" time="2.355">
    <skipped/>
  </testcase> <!-- verifyActivityADashboardBarGraphAndWorkItemTableOnNewVsInprocessScreen -->
  <testcase classname="com.qa.ngageplatform.smoke.MyWorkTest" name="verifyRightClickOptionForActivityAWithFolderingConfigurationScreenContent" time="34.988"/>
  <testcase classname="com.qa.ngageplatform.smoke.MyWorkTest" name="verifyActivityADashboardBarGraphAndWorkItemTableOnAssignmentScreen_MW015" time="2.516">
    <error message="no such element: Unable to locate element: {&quot;method&quot;:&quot;css selector&quot;,&quot;selector&quot;:&quot;#Login1_UserName&quot;}
  (Session info: chrome=109.0.5414.120)
For documentation on this error, please visit: https://selenium.dev/exceptions/#no_such_element
Build info: version: &#039;4.0.0&#039;, revision: &#039;3a21814679&#039;
System info: host: &#039;SA-RAFROZ-LT&#039;, ip: &#039;10.133.8.50&#039;, os.name: &#039;Windows 10&#039;, os.arch: &#039;amd64&#039;, os.version: &#039;10.0&#039;, java.version: &#039;17.0.4.1&#039;
Driver info: org.openqa.selenium.chrome.ChromeDriver
Command: [23a4fedaccf84d198d0cc41926d7be12, findElement {using=id, value=Login1_UserName}]
Capabilities {acceptInsecureCerts: false, browserName: chrome, browserVersion: 109.0.5414.120, chrome: {chromedriverVersion: 109.0.5414.74 (e7c5703604da..., userDataDir: C:\Users\rafroz\AppData\Loc...}, goog:chromeOptions: {debuggerAddress: localhost:51834}, javascriptEnabled: true, networkConnectionEnabled: false, pageLoadStrategy: normal, platform: WINDOWS, platformName: WINDOWS, proxy: Proxy(), se:cdp: ws://localhost:51834/devtoo..., se:cdpVersion: 109.0.5414.120, setWindowRect: true, strictFileInteractability: false, timeouts: {implicit: 0, pageLoad: 300000, script: 30000}, unhandledPromptBehavior: dismiss and notify, webauthn:extension:credBlob: true, webauthn:extension:largeBlob: true, webauthn:virtualAuthenticators: true}
Session ID: 23a4fedaccf84d198d0cc41926d7be12" type="org.openqa.selenium.NoSuchElementException">
      <![CDATA[org.openqa.selenium.NoSuchElementException: no such element: Unable to locate element: {"method":"css selector","selector":"#Login1_UserName"}
  (Session info: chrome=109.0.5414.120)
For documentation on this error, please visit: https://selenium.dev/exceptions/#no_such_element
Build info: version: '4.0.0', revision: '3a21814679'
System info: host: 'SA-RAFROZ-LT', ip: '10.133.8.50', os.name: 'Windows 10', os.arch: 'amd64', os.version: '10.0', java.version: '17.0.4.1'
Driver info: org.openqa.selenium.chrome.ChromeDriver
Command: [23a4fedaccf84d198d0cc41926d7be12, findElement {using=id, value=Login1_UserName}]
Capabilities {acceptInsecureCerts: false, browserName: chrome, browserVersion: 109.0.5414.120, chrome: {chromedriverVersion: 109.0.5414.74 (e7c5703604da..., userDataDir: C:\Users\rafroz\AppData\Loc...}, goog:chromeOptions: {debuggerAddress: localhost:51834}, javascriptEnabled: true, networkConnectionEnabled: false, pageLoadStrategy: normal, platform: WINDOWS, platformName: WINDOWS, proxy: Proxy(), se:cdp: ws://localhost:51834/devtoo..., se:cdpVersion: 109.0.5414.120, setWindowRect: true, strictFileInteractability: false, timeouts: {implicit: 0, pageLoad: 300000, script: 30000}, unhandledPromptBehavior: dismiss and notify, webauthn:extension:credBlob: true, webauthn:extension:largeBlob: true, webauthn:virtualAuthenticators: true}
Session ID: 23a4fedaccf84d198d0cc41926d7be12
at jdk.internal.reflect.GeneratedConstructorAccessor49.newInstance(Unknown Source)
at java.base/jdk.internal.reflect.DelegatingConstructorAccessorImpl.newInstance(DelegatingConstructorAccessorImpl.java:45)
at java.base/java.lang.reflect.Constructor.newInstanceWithCaller(Constructor.java:499)
at java.base/java.lang.reflect.Constructor.newInstance(Constructor.java:480)
at org.openqa.selenium.remote.codec.w3c.W3CHttpResponseCodec.createException(W3CHttpResponseCodec.java:200)
at org.openqa.selenium.remote.codec.w3c.W3CHttpResponseCodec.decode(W3CHttpResponseCodec.java:133)
at org.openqa.selenium.remote.codec.w3c.W3CHttpResponseCodec.decode(W3CHttpResponseCodec.java:53)
at org.openqa.selenium.remote.HttpCommandExecutor.execute(HttpCommandExecutor.java:184)
at org.openqa.selenium.remote.service.DriverCommandExecutor.invokeExecute(DriverCommandExecutor.java:164)
at org.openqa.selenium.remote.service.DriverCommandExecutor.execute(DriverCommandExecutor.java:139)
at org.openqa.selenium.remote.RemoteWebDriver.execute(RemoteWebDriver.java:559)
at org.openqa.selenium.remote.ElementLocation$ElementFinder$2.findElement(ElementLocation.java:162)
at org.openqa.selenium.remote.ElementLocation.findElement(ElementLocation.java:66)
at org.openqa.selenium.remote.RemoteWebDriver.findElement(RemoteWebDriver.java:383)
at org.openqa.selenium.remote.RemoteWebDriver.findElement(RemoteWebDriver.java:375)
at com.qa.ngageplatform.utils.ElementUtil.getElement(ElementUtil.java:216)
at com.qa.ngageplatform.utils.ElementUtil.doClear(ElementUtil.java:101)
at com.qa.ngageplatform.utils.ElementUtil.doSendKeys(ElementUtil.java:112)
at com.qa.ngageplatform.pages.LoginPage.enterUserName(LoginPage.java:45)
at com.qa.ngageplatform.pages.LoginPage.doLogin(LoginPage.java:79)
at com.qa.ngageplatform.smoke.MyWorkTest.verifyActivityADashboardBarGraphAndWorkItemTableOnAssignmentScreen_MW015(MyWorkTest.java:336)
at java.base/jdk.internal.reflect.NativeMethodAccessorImpl.invoke0(Native Method)
at java.base/jdk.internal.reflect.NativeMethodAccessorImpl.invoke(NativeMethodAccessorImpl.java:77)
at java.base/jdk.internal.reflect.DelegatingMethodAccessorImpl.invoke(DelegatingMethodAccessorImpl.java:43)
at java.base/java.lang.reflect.Method.invoke(Method.java:568)
at org.testng.internal.MethodInvocationHelper.invokeMethod(MethodInvocationHelper.java:124)
at org.testng.internal.Invoker.invokeMethod(Invoker.java:583)
at org.testng.internal.Invoker.retryFailed(Invoker.java:839)
at org.testng.internal.Invoker.invokeTestMethods(Invoker.java:1010)
at org.testng.internal.TestMethodWorker.invokeTestMethods(TestMethodWorker.java:125)
at org.testng.internal.TestMethodWorker.run(TestMethodWorker.java:109)
at java.base/java.util.concurrent.ThreadPoolExecutor.runWorker(ThreadPoolExecutor.java:1136)
at java.base/java.util.concurrent.ThreadPoolExecutor$Worker.run(ThreadPoolExecutor.java:635)
at java.base/java.lang.Thread.run(Thread.java:833)
]]>
    </error>
  </testcase> <!-- verifyActivityADashboardBarGraphAndWorkItemTableOnAssignmentScreen_MW015 -->
  <testcase classname="com.qa.ngageplatform.smoke.MyWorkTest" name="verifySortingByFolderingConfigurationScreenSelection_MW012" time="91.480"/>
  <testcase classname="com.qa.ngageplatform.smoke.MyWorkTest" name="verifyActivityADashboardBarGraphAndWorkItemTableOnEventScreen" time="2.392">
    <skipped/>
  </testcase> <!-- verifyActivityADashboardBarGraphAndWorkItemTableOnEventScreen -->
  <testcase classname="com.qa.ngageplatform.smoke.MyWorkTest" name="verifyActivityADashboardBarGraphAndWorkItemTableOnEventScreen" time="2.234">
    <skipped/>
  </testcase> <!-- verifyActivityADashboardBarGraphAndWorkItemTableOnEventScreen -->
  <testcase classname="com.qa.ngageplatform.smoke.MyWorkTest" name="verifyRouteActivityC_MW010" time="30.156">
    <skipped/>
  </testcase> <!-- verifyRouteActivityC_MW010 -->
  <testcase classname="com.qa.ngageplatform.smoke.MyWorkTest" name="verifyActivityADashboardBarGraphAndWorkItemTableOnAssignmentScreen_MW015" time="3.620">
    <skipped/>
  </testcase> <!-- verifyActivityADashboardBarGraphAndWorkItemTableOnAssignmentScreen_MW015 -->
  <testcase classname="com.qa.ngageplatform.smoke.MyWorkTest" name="verifyPaginationInfoAndCustomerNameForWorkItemList_MW001_MW002" time="66.646"/>
  <testcase classname="com.qa.ngageplatform.smoke.MyWorkTest" name="verifyRightClickOptionForReloadOnPostback_MW008_MW009" time="22.445"/>
  <testcase classname="com.qa.ngageplatform.smoke.MyWorkTest" name="verifyActivityADashboardBarGraphAndWorkItemTableOnAssignmentScreen_MW015" time="2.219">
    <skipped/>
  </testcase> <!-- verifyActivityADashboardBarGraphAndWorkItemTableOnAssignmentScreen_MW015 -->
  <testcase classname="com.qa.ngageplatform.smoke.MyWorkTest" name="verifyRouteActivityC_MW010" time="58.048">
    <skipped/>
  </testcase> <!-- verifyRouteActivityC_MW010 -->
  <testcase classname="com.qa.ngageplatform.smoke.MyWorkTest" name="verifyRouteActivityC_MW010" time="24.510">
    <skipped/>
  </testcase> <!-- verifyRouteActivityC_MW010 -->
  <testcase classname="com.qa.ngageplatform.smoke.MyWorkTest" name="verifyAssignedWorkItem" time="143.387">
    <skipped/>
  </testcase> <!-- verifyAssignedWorkItem -->
  <testcase classname="com.qa.ngageplatform.smoke.MyWorkTest" name="verifyLockIcon" time="102.194"/>
  <testcase classname="com.qa.ngageplatform.smoke.MyWorkTest" name="verifyProcessDueDateBetweenStartAndEndRange_MW005_MW006" time="92.722"/>
  <testcase classname="com.qa.ngageplatform.smoke.MyWorkTest" name="verifyProcessDueDateEndRange_MW004" time="67.741"/>
  <testcase classname="com.qa.ngageplatform.smoke.MyWorkTest" name="verifyRouteActivityC_MW010" time="55.937">
    <error message="stale element reference: element is not attached to the page document
  (Session info: chrome=109.0.5414.120)
For documentation on this error, please visit: https://selenium.dev/exceptions/#stale_element_reference
Build info: version: &#039;4.0.0&#039;, revision: &#039;3a21814679&#039;
System info: host: &#039;SA-RAFROZ-LT&#039;, ip: &#039;10.133.8.50&#039;, os.name: &#039;Windows 10&#039;, os.arch: &#039;amd64&#039;, os.version: &#039;10.0&#039;, java.version: &#039;17.0.4.1&#039;
Driver info: org.openqa.selenium.chrome.ChromeDriver
Command: [2eb8cfcd1daf67c6bc7c203cbfb9430e, executeScript {script=arguments[0].style.backgroundColor = &#039;rgba(0, 0, 0, 0)&#039;, args=[{ELEMENT=5022410d-ca40-4601-ba7d-632e510ab85a, element-6066-11e4-a52e-4f735466cecf=5022410d-ca40-4601-ba7d-632e510ab85a}]}]
Capabilities {acceptInsecureCerts: false, browserName: chrome, browserVersion: 109.0.5414.120, chrome: {chromedriverVersion: 109.0.5414.74 (e7c5703604da..., userDataDir: C:\Users\rafroz\AppData\Loc...}, goog:chromeOptions: {debuggerAddress: localhost:55497}, javascriptEnabled: true, networkConnectionEnabled: false, pageLoadStrategy: normal, platform: WINDOWS, platformName: WINDOWS, proxy: Proxy(), se:cdp: ws://localhost:55497/devtoo..., se:cdpVersion: 109.0.5414.120, setWindowRect: true, strictFileInteractability: false, timeouts: {implicit: 0, pageLoad: 300000, script: 30000}, unhandledPromptBehavior: dismiss and notify, webauthn:extension:credBlob: true, webauthn:extension:largeBlob: true, webauthn:virtualAuthenticators: true}
Session ID: 2eb8cfcd1daf67c6bc7c203cbfb9430e" type="org.openqa.selenium.StaleElementReferenceException">
      <![CDATA[org.openqa.selenium.StaleElementReferenceException: stale element reference: element is not attached to the page document
  (Session info: chrome=109.0.5414.120)
For documentation on this error, please visit: https://selenium.dev/exceptions/#stale_element_reference
Build info: version: '4.0.0', revision: '3a21814679'
System info: host: 'SA-RAFROZ-LT', ip: '10.133.8.50', os.name: 'Windows 10', os.arch: 'amd64', os.version: '10.0', java.version: '17.0.4.1'
Driver info: org.openqa.selenium.chrome.ChromeDriver
Command: [2eb8cfcd1daf67c6bc7c203cbfb9430e, executeScript {script=arguments[0].style.backgroundColor = 'rgba(0, 0, 0, 0)', args=[{ELEMENT=5022410d-ca40-4601-ba7d-632e510ab85a, element-6066-11e4-a52e-4f735466cecf=5022410d-ca40-4601-ba7d-632e510ab85a}]}]
Capabilities {acceptInsecureCerts: false, browserName: chrome, browserVersion: 109.0.5414.120, chrome: {chromedriverVersion: 109.0.5414.74 (e7c5703604da..., userDataDir: C:\Users\rafroz\AppData\Loc...}, goog:chromeOptions: {debuggerAddress: localhost:55497}, javascriptEnabled: true, networkConnectionEnabled: false, pageLoadStrategy: normal, platform: WINDOWS, platformName: WINDOWS, proxy: Proxy(), se:cdp: ws://localhost:55497/devtoo..., se:cdpVersion: 109.0.5414.120, setWindowRect: true, strictFileInteractability: false, timeouts: {implicit: 0, pageLoad: 300000, script: 30000}, unhandledPromptBehavior: dismiss and notify, webauthn:extension:credBlob: true, webauthn:extension:largeBlob: true, webauthn:virtualAuthenticators: true}
Session ID: 2eb8cfcd1daf67c6bc7c203cbfb9430e
at java.base/jdk.internal.reflect.NativeConstructorAccessorImpl.newInstance0(Native Method)
at java.base/jdk.internal.reflect.NativeConstructorAccessorImpl.newInstance(NativeConstructorAccessorImpl.java:77)
at java.base/jdk.internal.reflect.DelegatingConstructorAccessorImpl.newInstance(DelegatingConstructorAccessorImpl.java:45)
at java.base/java.lang.reflect.Constructor.newInstanceWithCaller(Constructor.java:499)
at java.base/java.lang.reflect.Constructor.newInstance(Constructor.java:480)
at org.openqa.selenium.remote.codec.w3c.W3CHttpResponseCodec.createException(W3CHttpResponseCodec.java:200)
at org.openqa.selenium.remote.codec.w3c.W3CHttpResponseCodec.decode(W3CHttpResponseCodec.java:133)
at org.openqa.selenium.remote.codec.w3c.W3CHttpResponseCodec.decode(W3CHttpResponseCodec.java:53)
at org.openqa.selenium.remote.HttpCommandExecutor.execute(HttpCommandExecutor.java:184)
at org.openqa.selenium.remote.service.DriverCommandExecutor.invokeExecute(DriverCommandExecutor.java:164)
at org.openqa.selenium.remote.service.DriverCommandExecutor.execute(DriverCommandExecutor.java:139)
at org.openqa.selenium.remote.RemoteWebDriver.execute(RemoteWebDriver.java:559)
at org.openqa.selenium.remote.RemoteWebDriver.executeScript(RemoteWebDriver.java:493)
at com.qa.ngageplatform.utils.JavaScriptUtil.changeColor(JavaScriptUtil.java:44)
at com.qa.ngageplatform.utils.JavaScriptUtil.flash(JavaScriptUtil.java:31)
at com.qa.ngageplatform.utils.ElementUtil.getElement(ElementUtil.java:218)
at com.qa.ngageplatform.utils.ElementUtil.doClick(ElementUtil.java:122)
at com.qa.ngageplatform.pages.WorkItemsScreen.activityAAction(WorkItemsScreen.java:1086)
at com.qa.ngageplatform.smoke.MyWorkTest.verifyRouteActivityC_MW010(MyWorkTest.java:523)
at java.base/jdk.internal.reflect.NativeMethodAccessorImpl.invoke0(Native Method)
at java.base/jdk.internal.reflect.NativeMethodAccessorImpl.invoke(NativeMethodAccessorImpl.java:77)
at java.base/jdk.internal.reflect.DelegatingMethodAccessorImpl.invoke(DelegatingMethodAccessorImpl.java:43)
at java.base/java.lang.reflect.Method.invoke(Method.java:568)
at org.testng.internal.MethodInvocationHelper.invokeMethod(MethodInvocationHelper.java:124)
at org.testng.internal.Invoker.invokeMethod(Invoker.java:583)
at org.testng.internal.Invoker.retryFailed(Invoker.java:839)
at org.testng.internal.Invoker.invokeTestMethods(Invoker.java:1010)
at org.testng.internal.TestMethodWorker.invokeTestMethods(TestMethodWorker.java:125)
at org.testng.internal.TestMethodWorker.run(TestMethodWorker.java:109)
at java.base/java.util.concurrent.ThreadPoolExecutor.runWorker(ThreadPoolExecutor.java:1136)
at java.base/java.util.concurrent.ThreadPoolExecutor$Worker.run(ThreadPoolExecutor.java:635)
at java.base/java.lang.Thread.run(Thread.java:833)
]]>
    </error>
  </testcase> <!-- verifyRouteActivityC_MW010 -->
  <testcase classname="com.qa.ngageplatform.smoke.MyWorkTest" name="verifyActivityADashboardBarGraphAndWorkItemTableOnNewVsInprocessScreen" time="3.212">
    <error message="no such element: Unable to locate element: {&quot;method&quot;:&quot;css selector&quot;,&quot;selector&quot;:&quot;#Login1_UserName&quot;}
  (Session info: chrome=109.0.5414.120)
For documentation on this error, please visit: https://selenium.dev/exceptions/#no_such_element
Build info: version: &#039;4.0.0&#039;, revision: &#039;3a21814679&#039;
System info: host: &#039;SA-RAFROZ-LT&#039;, ip: &#039;10.133.8.50&#039;, os.name: &#039;Windows 10&#039;, os.arch: &#039;amd64&#039;, os.version: &#039;10.0&#039;, java.version: &#039;17.0.4.1&#039;
Driver info: org.openqa.selenium.chrome.ChromeDriver
Command: [41b89c91686f7d0ac0a407cc3996e109, findElement {using=id, value=Login1_UserName}]
Capabilities {acceptInsecureCerts: false, browserName: chrome, browserVersion: 109.0.5414.120, chrome: {chromedriverVersion: 109.0.5414.74 (e7c5703604da..., userDataDir: C:\Users\rafroz\AppData\Loc...}, goog:chromeOptions: {debuggerAddress: localhost:52342}, javascriptEnabled: true, networkConnectionEnabled: false, pageLoadStrategy: normal, platform: WINDOWS, platformName: WINDOWS, proxy: Proxy(), se:cdp: ws://localhost:52342/devtoo..., se:cdpVersion: 109.0.5414.120, setWindowRect: true, strictFileInteractability: false, timeouts: {implicit: 0, pageLoad: 300000, script: 30000}, unhandledPromptBehavior: dismiss and notify, webauthn:extension:credBlob: true, webauthn:extension:largeBlob: true, webauthn:virtualAuthenticators: true}
Session ID: 41b89c91686f7d0ac0a407cc3996e109" type="org.openqa.selenium.NoSuchElementException">
      <![CDATA[org.openqa.selenium.NoSuchElementException: no such element: Unable to locate element: {"method":"css selector","selector":"#Login1_UserName"}
  (Session info: chrome=109.0.5414.120)
For documentation on this error, please visit: https://selenium.dev/exceptions/#no_such_element
Build info: version: '4.0.0', revision: '3a21814679'
System info: host: 'SA-RAFROZ-LT', ip: '10.133.8.50', os.name: 'Windows 10', os.arch: 'amd64', os.version: '10.0', java.version: '17.0.4.1'
Driver info: org.openqa.selenium.chrome.ChromeDriver
Command: [41b89c91686f7d0ac0a407cc3996e109, findElement {using=id, value=Login1_UserName}]
Capabilities {acceptInsecureCerts: false, browserName: chrome, browserVersion: 109.0.5414.120, chrome: {chromedriverVersion: 109.0.5414.74 (e7c5703604da..., userDataDir: C:\Users\rafroz\AppData\Loc...}, goog:chromeOptions: {debuggerAddress: localhost:52342}, javascriptEnabled: true, networkConnectionEnabled: false, pageLoadStrategy: normal, platform: WINDOWS, platformName: WINDOWS, proxy: Proxy(), se:cdp: ws://localhost:52342/devtoo..., se:cdpVersion: 109.0.5414.120, setWindowRect: true, strictFileInteractability: false, timeouts: {implicit: 0, pageLoad: 300000, script: 30000}, unhandledPromptBehavior: dismiss and notify, webauthn:extension:credBlob: true, webauthn:extension:largeBlob: true, webauthn:virtualAuthenticators: true}
Session ID: 41b89c91686f7d0ac0a407cc3996e109
at jdk.internal.reflect.GeneratedConstructorAccessor49.newInstance(Unknown Source)
at java.base/jdk.internal.reflect.DelegatingConstructorAccessorImpl.newInstance(DelegatingConstructorAccessorImpl.java:45)
at java.base/java.lang.reflect.Constructor.newInstanceWithCaller(Constructor.java:499)
at java.base/java.lang.reflect.Constructor.newInstance(Constructor.java:480)
at org.openqa.selenium.remote.codec.w3c.W3CHttpResponseCodec.createException(W3CHttpResponseCodec.java:200)
at org.openqa.selenium.remote.codec.w3c.W3CHttpResponseCodec.decode(W3CHttpResponseCodec.java:133)
at org.openqa.selenium.remote.codec.w3c.W3CHttpResponseCodec.decode(W3CHttpResponseCodec.java:53)
at org.openqa.selenium.remote.HttpCommandExecutor.execute(HttpCommandExecutor.java:184)
at org.openqa.selenium.remote.service.DriverCommandExecutor.invokeExecute(DriverCommandExecutor.java:164)
at org.openqa.selenium.remote.service.DriverCommandExecutor.execute(DriverCommandExecutor.java:139)
at org.openqa.selenium.remote.RemoteWebDriver.execute(RemoteWebDriver.java:559)
at org.openqa.selenium.remote.ElementLocation$ElementFinder$2.findElement(ElementLocation.java:162)
at org.openqa.selenium.remote.ElementLocation.findElement(ElementLocation.java:66)
at org.openqa.selenium.remote.RemoteWebDriver.findElement(RemoteWebDriver.java:383)
at org.openqa.selenium.remote.RemoteWebDriver.findElement(RemoteWebDriver.java:375)
at com.qa.ngageplatform.utils.ElementUtil.getElement(ElementUtil.java:216)
at com.qa.ngageplatform.utils.ElementUtil.doClear(ElementUtil.java:101)
at com.qa.ngageplatform.utils.ElementUtil.doSendKeys(ElementUtil.java:112)
at com.qa.ngageplatform.pages.LoginPage.enterUserName(LoginPage.java:45)
at com.qa.ngageplatform.pages.LoginPage.doLogin(LoginPage.java:79)
at com.qa.ngageplatform.smoke.MyWorkTest.verifyActivityADashboardBarGraphAndWorkItemTableOnNewVsInprocessScreen(MyWorkTest.java:390)
at java.base/jdk.internal.reflect.NativeMethodAccessorImpl.invoke0(Native Method)
at java.base/jdk.internal.reflect.NativeMethodAccessorImpl.invoke(NativeMethodAccessorImpl.java:77)
at java.base/jdk.internal.reflect.DelegatingMethodAccessorImpl.invoke(DelegatingMethodAccessorImpl.java:43)
at java.base/java.lang.reflect.Method.invoke(Method.java:568)
at org.testng.internal.MethodInvocationHelper.invokeMethod(MethodInvocationHelper.java:124)
at org.testng.internal.Invoker.invokeMethod(Invoker.java:583)
at org.testng.internal.Invoker.retryFailed(Invoker.java:839)
at org.testng.internal.Invoker.invokeTestMethods(Invoker.java:1010)
at org.testng.internal.TestMethodWorker.invokeTestMethods(TestMethodWorker.java:125)
at org.testng.internal.TestMethodWorker.run(TestMethodWorker.java:109)
at java.base/java.util.concurrent.ThreadPoolExecutor.runWorker(ThreadPoolExecutor.java:1136)
at java.base/java.util.concurrent.ThreadPoolExecutor$Worker.run(ThreadPoolExecutor.java:635)
at java.base/java.lang.Thread.run(Thread.java:833)
]]>
    </error>
  </testcase> <!-- verifyActivityADashboardBarGraphAndWorkItemTableOnNewVsInprocessScreen -->
  <testcase classname="com.qa.ngageplatform.smoke.MyWorkTest" name="verifyProcessesDashboardPageContent_MW013" time="46.272"/>
  <testcase classname="com.qa.ngageplatform.smoke.MyWorkTest" name="verifyActivityADashboardBarGraphAndWorkItemTableOnEventScreen" time="7.792">
    <error message="no such element: Unable to locate element: {&quot;method&quot;:&quot;css selector&quot;,&quot;selector&quot;:&quot;#Login1_UserName&quot;}
  (Session info: chrome=109.0.5414.120)
For documentation on this error, please visit: https://selenium.dev/exceptions/#no_such_element
Build info: version: &#039;4.0.0&#039;, revision: &#039;3a21814679&#039;
System info: host: &#039;SA-RAFROZ-LT&#039;, ip: &#039;10.133.8.50&#039;, os.name: &#039;Windows 10&#039;, os.arch: &#039;amd64&#039;, os.version: &#039;10.0&#039;, java.version: &#039;17.0.4.1&#039;
Driver info: org.openqa.selenium.chrome.ChromeDriver
Command: [fdc6f5edacb0c69a3dff39913771cfbd, findElement {using=id, value=Login1_UserName}]
Capabilities {acceptInsecureCerts: false, browserName: chrome, browserVersion: 109.0.5414.120, chrome: {chromedriverVersion: 109.0.5414.74 (e7c5703604da..., userDataDir: C:\Users\rafroz\AppData\Loc...}, goog:chromeOptions: {debuggerAddress: localhost:52107}, javascriptEnabled: true, networkConnectionEnabled: false, pageLoadStrategy: normal, platform: WINDOWS, platformName: WINDOWS, proxy: Proxy(), se:cdp: ws://localhost:52107/devtoo..., se:cdpVersion: 109.0.5414.120, setWindowRect: true, strictFileInteractability: false, timeouts: {implicit: 0, pageLoad: 300000, script: 30000}, unhandledPromptBehavior: dismiss and notify, webauthn:extension:credBlob: true, webauthn:extension:largeBlob: true, webauthn:virtualAuthenticators: true}
Session ID: fdc6f5edacb0c69a3dff39913771cfbd" type="org.openqa.selenium.NoSuchElementException">
      <![CDATA[org.openqa.selenium.NoSuchElementException: no such element: Unable to locate element: {"method":"css selector","selector":"#Login1_UserName"}
  (Session info: chrome=109.0.5414.120)
For documentation on this error, please visit: https://selenium.dev/exceptions/#no_such_element
Build info: version: '4.0.0', revision: '3a21814679'
System info: host: 'SA-RAFROZ-LT', ip: '10.133.8.50', os.name: 'Windows 10', os.arch: 'amd64', os.version: '10.0', java.version: '17.0.4.1'
Driver info: org.openqa.selenium.chrome.ChromeDriver
Command: [fdc6f5edacb0c69a3dff39913771cfbd, findElement {using=id, value=Login1_UserName}]
Capabilities {acceptInsecureCerts: false, browserName: chrome, browserVersion: 109.0.5414.120, chrome: {chromedriverVersion: 109.0.5414.74 (e7c5703604da..., userDataDir: C:\Users\rafroz\AppData\Loc...}, goog:chromeOptions: {debuggerAddress: localhost:52107}, javascriptEnabled: true, networkConnectionEnabled: false, pageLoadStrategy: normal, platform: WINDOWS, platformName: WINDOWS, proxy: Proxy(), se:cdp: ws://localhost:52107/devtoo..., se:cdpVersion: 109.0.5414.120, setWindowRect: true, strictFileInteractability: false, timeouts: {implicit: 0, pageLoad: 300000, script: 30000}, unhandledPromptBehavior: dismiss and notify, webauthn:extension:credBlob: true, webauthn:extension:largeBlob: true, webauthn:virtualAuthenticators: true}
Session ID: fdc6f5edacb0c69a3dff39913771cfbd
at jdk.internal.reflect.GeneratedConstructorAccessor49.newInstance(Unknown Source)
at java.base/jdk.internal.reflect.DelegatingConstructorAccessorImpl.newInstance(DelegatingConstructorAccessorImpl.java:45)
at java.base/java.lang.reflect.Constructor.newInstanceWithCaller(Constructor.java:499)
at java.base/java.lang.reflect.Constructor.newInstance(Constructor.java:480)
at org.openqa.selenium.remote.codec.w3c.W3CHttpResponseCodec.createException(W3CHttpResponseCodec.java:200)
at org.openqa.selenium.remote.codec.w3c.W3CHttpResponseCodec.decode(W3CHttpResponseCodec.java:133)
at org.openqa.selenium.remote.codec.w3c.W3CHttpResponseCodec.decode(W3CHttpResponseCodec.java:53)
at org.openqa.selenium.remote.HttpCommandExecutor.execute(HttpCommandExecutor.java:184)
at org.openqa.selenium.remote.service.DriverCommandExecutor.invokeExecute(DriverCommandExecutor.java:164)
at org.openqa.selenium.remote.service.DriverCommandExecutor.execute(DriverCommandExecutor.java:139)
at org.openqa.selenium.remote.RemoteWebDriver.execute(RemoteWebDriver.java:559)
at org.openqa.selenium.remote.ElementLocation$ElementFinder$2.findElement(ElementLocation.java:162)
at org.openqa.selenium.remote.ElementLocation.findElement(ElementLocation.java:66)
at org.openqa.selenium.remote.RemoteWebDriver.findElement(RemoteWebDriver.java:383)
at org.openqa.selenium.remote.RemoteWebDriver.findElement(RemoteWebDriver.java:375)
at com.qa.ngageplatform.utils.ElementUtil.getElement(ElementUtil.java:216)
at com.qa.ngageplatform.utils.ElementUtil.doClear(ElementUtil.java:101)
at com.qa.ngageplatform.utils.ElementUtil.doSendKeys(ElementUtil.java:112)
at com.qa.ngageplatform.pages.LoginPage.enterUserName(LoginPage.java:45)
at com.qa.ngageplatform.pages.LoginPage.doLogin(LoginPage.java:79)
at com.qa.ngageplatform.smoke.MyWorkTest.verifyActivityADashboardBarGraphAndWorkItemTableOnEventScreen(MyWorkTest.java:367)
at java.base/jdk.internal.reflect.NativeMethodAccessorImpl.invoke0(Native Method)
at java.base/jdk.internal.reflect.NativeMethodAccessorImpl.invoke(NativeMethodAccessorImpl.java:77)
at java.base/jdk.internal.reflect.DelegatingMethodAccessorImpl.invoke(DelegatingMethodAccessorImpl.java:43)
at java.base/java.lang.reflect.Method.invoke(Method.java:568)
at org.testng.internal.MethodInvocationHelper.invokeMethod(MethodInvocationHelper.java:124)
at org.testng.internal.Invoker.invokeMethod(Invoker.java:583)
at org.testng.internal.Invoker.retryFailed(Invoker.java:839)
at org.testng.internal.Invoker.invokeTestMethods(Invoker.java:1010)
at org.testng.internal.TestMethodWorker.invokeTestMethods(TestMethodWorker.java:125)
at org.testng.internal.TestMethodWorker.run(TestMethodWorker.java:109)
at java.base/java.util.concurrent.ThreadPoolExecutor.runWorker(ThreadPoolExecutor.java:1136)
at java.base/java.util.concurrent.ThreadPoolExecutor$Worker.run(ThreadPoolExecutor.java:635)
at java.base/java.lang.Thread.run(Thread.java:833)
]]>
    </error>
  </testcase> <!-- verifyActivityADashboardBarGraphAndWorkItemTableOnEventScreen -->
  <testcase classname="com.qa.ngageplatform.smoke.MyWorkTest" name="verifyClosureActionDashboardPageContent_MW014" time="33.174"/>
  <testcase classname="com.qa.ngageplatform.smoke.MyWorkTest" name="verifyAssignedWorkItem" time="101.801"/>
  <testcase classname="com.qa.ngageplatform.smoke.MyWorkTest" name="verifyActivityADashboardBarGraphAndWorkItemTableOnNewVsInprocessScreen" time="3.350">
    <skipped/>
  </testcase> <!-- verifyActivityADashboardBarGraphAndWorkItemTableOnNewVsInprocessScreen -->
  <testcase classname="com.qa.ngageplatform.smoke.MyWorkTest" name="verifyActivityADashboardBarGraphAndWorkItemTableOnNewVsInprocessScreen" time="2.121">
    <skipped/>
  </testcase> <!-- verifyActivityADashboardBarGraphAndWorkItemTableOnNewVsInprocessScreen -->
  <testcase classname="com.qa.ngageplatform.smoke.MyWorkTest" name="verifyActivityADashboardBarGraphAndWorkItemTableOnEventScreen" time="2.399">
    <skipped/>
  </testcase> <!-- verifyActivityADashboardBarGraphAndWorkItemTableOnEventScreen -->
  <testcase classname="com.qa.ngageplatform.smoke.MyWorkTest" name="verifyProcessDueDateStartRange_MW003" time="156.735"/>
  <testcase classname="com.qa.ngageplatform.smoke.MyWorkTest" name="verifyActivityADashboardBarGraphAndWorkItemTableOnAssignmentScreen_MW015" time="5.367">
    <skipped/>
  </testcase> <!-- verifyActivityADashboardBarGraphAndWorkItemTableOnAssignmentScreen_MW015 -->
</testsuite> <!-- com.qa.ngageplatform.smoke.MyWorkTest -->
