<?xml version="1.0" encoding="UTF-8"?>
<!-- Generated by org.testng.reporters.JUnitReportReporter -->
<testsuite hostname="SA-RAFROZ-LT" failures="2" tests="18" name="com.qa.ngageplatform.smoke.RepositoryTest" time="835.440" errors="1" timestamp="31 Jan 2023 14:36:26 GMT" skipped="11">
  <testcase classname="com.qa.ngageplatform.smoke.RepositoryTest" name="verifySearchResultForBusinessModel_Repo001_Repo002" time="2.926">
    <skipped/>
  </testcase> <!-- verifySearchResultForBusinessModel_Repo001_Repo002 -->
  <testcase classname="com.qa.ngageplatform.smoke.RepositoryTest" name="verifySearchResultForBusinessModel_Repo001_Repo002" time="3.309">
    <skipped/>
  </testcase> <!-- verifySearchResultForBusinessModel_Repo001_Repo002 -->
  <testcase classname="com.qa.ngageplatform.smoke.RepositoryTest" name="verifySearchResultForBusinessModel_Repo001_Repo002" time="2.257">
    <error message="no such element: Unable to locate element: {&quot;method&quot;:&quot;css selector&quot;,&quot;selector&quot;:&quot;#Login1_UserName&quot;}
  (Session info: chrome=109.0.5414.120)
For documentation on this error, please visit: https://selenium.dev/exceptions/#no_such_element
Build info: version: &#039;4.0.0&#039;, revision: &#039;3a21814679&#039;
System info: host: &#039;SA-RAFROZ-LT&#039;, ip: &#039;10.133.8.50&#039;, os.name: &#039;Windows 10&#039;, os.arch: &#039;amd64&#039;, os.version: &#039;10.0&#039;, java.version: &#039;17.0.4.1&#039;
Driver info: org.openqa.selenium.chrome.ChromeDriver
Command: [83ffcd3b79a0fb6a7462a6599bbca8a2, findElement {using=id, value=Login1_UserName}]
Capabilities {acceptInsecureCerts: false, browserName: chrome, browserVersion: 109.0.5414.120, chrome: {chromedriverVersion: 109.0.5414.74 (e7c5703604da..., userDataDir: C:\Users\rafroz\AppData\Loc...}, goog:chromeOptions: {debuggerAddress: localhost:51816}, javascriptEnabled: true, networkConnectionEnabled: false, pageLoadStrategy: normal, platform: WINDOWS, platformName: WINDOWS, proxy: Proxy(), se:cdp: ws://localhost:51816/devtoo..., se:cdpVersion: 109.0.5414.120, setWindowRect: true, strictFileInteractability: false, timeouts: {implicit: 0, pageLoad: 300000, script: 30000}, unhandledPromptBehavior: dismiss and notify, webauthn:extension:credBlob: true, webauthn:extension:largeBlob: true, webauthn:virtualAuthenticators: true}
Session ID: 83ffcd3b79a0fb6a7462a6599bbca8a2" type="org.openqa.selenium.NoSuchElementException">
      <![CDATA[org.openqa.selenium.NoSuchElementException: no such element: Unable to locate element: {"method":"css selector","selector":"#Login1_UserName"}
  (Session info: chrome=109.0.5414.120)
For documentation on this error, please visit: https://selenium.dev/exceptions/#no_such_element
Build info: version: '4.0.0', revision: '3a21814679'
System info: host: 'SA-RAFROZ-LT', ip: '10.133.8.50', os.name: 'Windows 10', os.arch: 'amd64', os.version: '10.0', java.version: '17.0.4.1'
Driver info: org.openqa.selenium.chrome.ChromeDriver
Command: [83ffcd3b79a0fb6a7462a6599bbca8a2, findElement {using=id, value=Login1_UserName}]
Capabilities {acceptInsecureCerts: false, browserName: chrome, browserVersion: 109.0.5414.120, chrome: {chromedriverVersion: 109.0.5414.74 (e7c5703604da..., userDataDir: C:\Users\rafroz\AppData\Loc...}, goog:chromeOptions: {debuggerAddress: localhost:51816}, javascriptEnabled: true, networkConnectionEnabled: false, pageLoadStrategy: normal, platform: WINDOWS, platformName: WINDOWS, proxy: Proxy(), se:cdp: ws://localhost:51816/devtoo..., se:cdpVersion: 109.0.5414.120, setWindowRect: true, strictFileInteractability: false, timeouts: {implicit: 0, pageLoad: 300000, script: 30000}, unhandledPromptBehavior: dismiss and notify, webauthn:extension:credBlob: true, webauthn:extension:largeBlob: true, webauthn:virtualAuthenticators: true}
Session ID: 83ffcd3b79a0fb6a7462a6599bbca8a2
at jdk.internal.reflect.GeneratedConstructorAccessor49.newInstance(Unknown Source)
at java.base/jdk.internal.reflect.DelegatingConstructorAccessorImpl.newInstance(DelegatingConstructorAccessorImpl.java:45)
at java.base/java.lang.reflect.Constructor.newInstanceWithCaller(Constructor.java:499)
at java.base/java.lang.reflect.Constructor.newInstance(Constructor.java:480)
at org.openqa.selenium.remote.codec.w3c.W3CHttpResponseCodec.createException(W3CHttpResponseCodec.java:200)
at org.openqa.selenium.remote.codec.w3c.W3CHttpResponseCodec.decode(W3CHttpResponseCodec.java:133)
at org.openqa.selenium.remote.codec.w3c.W3CHttpResponseCodec.decode(W3CHttpResponseCodec.java:53)
at org.openqa.selenium.remote.HttpCommandExecutor.execute(HttpCommandExecutor.java:184)
at org.openqa.selenium.remote.service.DriverCommandExecutor.invokeExecute(DriverCommandExecutor.java:164)
at org.openqa.selenium.remote.service.DriverCommandExecutor.execute(DriverCommandExecutor.java:139)
at org.openqa.selenium.remote.RemoteWebDriver.execute(RemoteWebDriver.java:559)
at org.openqa.selenium.remote.ElementLocation$ElementFinder$2.findElement(ElementLocation.java:162)
at org.openqa.selenium.remote.ElementLocation.findElement(ElementLocation.java:66)
at org.openqa.selenium.remote.RemoteWebDriver.findElement(RemoteWebDriver.java:383)
at org.openqa.selenium.remote.RemoteWebDriver.findElement(RemoteWebDriver.java:375)
at com.qa.ngageplatform.utils.ElementUtil.getElement(ElementUtil.java:216)
at com.qa.ngageplatform.utils.ElementUtil.doClear(ElementUtil.java:101)
at com.qa.ngageplatform.utils.ElementUtil.doSendKeys(ElementUtil.java:112)
at com.qa.ngageplatform.pages.LoginPage.enterUserName(LoginPage.java:45)
at com.qa.ngageplatform.pages.LoginPage.doLogin(LoginPage.java:79)
at com.qa.ngageplatform.smoke.RepositoryTest.verifySearchResultForBusinessModel_Repo001_Repo002(RepositoryTest.java:23)
at java.base/jdk.internal.reflect.NativeMethodAccessorImpl.invoke0(Native Method)
at java.base/jdk.internal.reflect.NativeMethodAccessorImpl.invoke(NativeMethodAccessorImpl.java:77)
at java.base/jdk.internal.reflect.DelegatingMethodAccessorImpl.invoke(DelegatingMethodAccessorImpl.java:43)
at java.base/java.lang.reflect.Method.invoke(Method.java:568)
at org.testng.internal.MethodInvocationHelper.invokeMethod(MethodInvocationHelper.java:124)
at org.testng.internal.Invoker.invokeMethod(Invoker.java:583)
at org.testng.internal.Invoker.retryFailed(Invoker.java:839)
at org.testng.internal.Invoker.invokeTestMethods(Invoker.java:1010)
at org.testng.internal.TestMethodWorker.invokeTestMethods(TestMethodWorker.java:125)
at org.testng.internal.TestMethodWorker.run(TestMethodWorker.java:109)
at java.base/java.util.concurrent.ThreadPoolExecutor.runWorker(ThreadPoolExecutor.java:1136)
at java.base/java.util.concurrent.ThreadPoolExecutor$Worker.run(ThreadPoolExecutor.java:635)
at java.base/java.lang.Thread.run(Thread.java:833)
]]>
    </error>
  </testcase> <!-- verifySearchResultForBusinessModel_Repo001_Repo002 -->
  <testcase classname="com.qa.ngageplatform.smoke.RepositoryTest" name="verifySearchResultForBusinessModel_Repo001_Repo002" time="2.328">
    <skipped/>
  </testcase> <!-- verifySearchResultForBusinessModel_Repo001_Repo002 -->
  <testcase classname="com.qa.ngageplatform.smoke.RepositoryTest" name="verifySearchResultForDateTimeDoc_Repo003_To_Repo008" time="64.530">
    <skipped/>
  </testcase> <!-- verifySearchResultForDateTimeDoc_Repo003_To_Repo008 -->
  <testcase classname="com.qa.ngageplatform.smoke.RepositoryTest" name="verifySearchResultForDateTimeDoc_Repo003_To_Repo008" time="57.858">
    <skipped/>
  </testcase> <!-- verifySearchResultForDateTimeDoc_Repo003_To_Repo008 -->
  <testcase classname="com.qa.ngageplatform.smoke.RepositoryTest" name="verifySearchResultForDateTimeDoc_Repo003_To_Repo008" time="85.997">
    <skipped/>
  </testcase> <!-- verifySearchResultForDateTimeDoc_Repo003_To_Repo008 -->
  <testcase classname="com.qa.ngageplatform.smoke.RepositoryTest" name="verifySearchResultForDateTimeDoc_Repo003_To_Repo008" time="98.090">
    <failure message="&quot;Showing 1 - 9 of 9&quot; and &quot;&quot; is not equal.Should be equal" type="java.lang.AssertionError">
      <![CDATA[java.lang.AssertionError: "Showing 1 - 9 of 9" and "" is not equal.Should be equal
at org.testng.Assert.fail(Assert.java:96)
at com.qa.ngageplatform.utils.AssertionUtil.verifyEqual(AssertionUtil.java:33)
at com.qa.ngageplatform.smoke.RepositoryTest.verifySearchResultForDateTimeDoc_Repo003_To_Repo008(RepositoryTest.java:71)
at java.base/jdk.internal.reflect.NativeMethodAccessorImpl.invoke0(Native Method)
at java.base/jdk.internal.reflect.NativeMethodAccessorImpl.invoke(NativeMethodAccessorImpl.java:77)
at java.base/jdk.internal.reflect.DelegatingMethodAccessorImpl.invoke(DelegatingMethodAccessorImpl.java:43)
at java.base/java.lang.reflect.Method.invoke(Method.java:568)
at org.testng.internal.MethodInvocationHelper.invokeMethod(MethodInvocationHelper.java:124)
at org.testng.internal.Invoker.invokeMethod(Invoker.java:583)
at org.testng.internal.Invoker.retryFailed(Invoker.java:839)
at org.testng.internal.Invoker.invokeTestMethods(Invoker.java:1010)
at org.testng.internal.TestMethodWorker.invokeTestMethods(TestMethodWorker.java:125)
at org.testng.internal.TestMethodWorker.run(TestMethodWorker.java:109)
at java.base/java.util.concurrent.ThreadPoolExecutor.runWorker(ThreadPoolExecutor.java:1136)
at java.base/java.util.concurrent.ThreadPoolExecutor$Worker.run(ThreadPoolExecutor.java:635)
at java.base/java.lang.Thread.run(Thread.java:833)
]]>
    </failure>
  </testcase> <!-- verifySearchResultForDateTimeDoc_Repo003_To_Repo008 -->
  <testcase classname="com.qa.ngageplatform.smoke.RepositoryTest" name="verifySearchResultForClosureDoc_Repo009_To_Repo010" time="53.928">
    <skipped/>
  </testcase> <!-- verifySearchResultForClosureDoc_Repo009_To_Repo010 -->
  <testcase classname="com.qa.ngageplatform.smoke.RepositoryTest" name="verifySearchResultForClosureDoc_Repo009_To_Repo010" time="54.297">
    <skipped/>
  </testcase> <!-- verifySearchResultForClosureDoc_Repo009_To_Repo010 -->
  <testcase classname="com.qa.ngageplatform.smoke.RepositoryTest" name="verifySearchResultForClosureDoc_Repo009_To_Repo010" time="53.847">
    <skipped/>
  </testcase> <!-- verifySearchResultForClosureDoc_Repo009_To_Repo010 -->
  <testcase classname="com.qa.ngageplatform.smoke.RepositoryTest" name="verifySearchResultForClosureDoc_Repo009_To_Repo010" time="49.053">
    <failure message="Showing 1 - 10 of 1,428 is not contain Showing 21 - 30.Showing 1 - 10 of 1,428 should contains Showing 21 - 30" type="java.lang.AssertionError">
      <![CDATA[java.lang.AssertionError: Showing 1 - 10 of 1,428 is not contain Showing 21 - 30.Showing 1 - 10 of 1,428 should contains Showing 21 - 30
at org.testng.Assert.fail(Assert.java:96)
at com.qa.ngageplatform.utils.AssertionUtil.verifyContainsText(AssertionUtil.java:171)
at com.qa.ngageplatform.smoke.RepositoryTest.verifySearchResultForClosureDoc_Repo009_To_Repo010(RepositoryTest.java:97)
at java.base/jdk.internal.reflect.NativeMethodAccessorImpl.invoke0(Native Method)
at java.base/jdk.internal.reflect.NativeMethodAccessorImpl.invoke(NativeMethodAccessorImpl.java:77)
at java.base/jdk.internal.reflect.DelegatingMethodAccessorImpl.invoke(DelegatingMethodAccessorImpl.java:43)
at java.base/java.lang.reflect.Method.invoke(Method.java:568)
at org.testng.internal.MethodInvocationHelper.invokeMethod(MethodInvocationHelper.java:124)
at org.testng.internal.Invoker.invokeMethod(Invoker.java:583)
at org.testng.internal.Invoker.retryFailed(Invoker.java:839)
at org.testng.internal.Invoker.invokeTestMethods(Invoker.java:1010)
at org.testng.internal.TestMethodWorker.invokeTestMethods(TestMethodWorker.java:125)
at org.testng.internal.TestMethodWorker.run(TestMethodWorker.java:109)
at java.base/java.util.concurrent.ThreadPoolExecutor.runWorker(ThreadPoolExecutor.java:1136)
at java.base/java.util.concurrent.ThreadPoolExecutor$Worker.run(ThreadPoolExecutor.java:635)
at java.base/java.lang.Thread.run(Thread.java:833)
]]>
    </failure>
  </testcase> <!-- verifySearchResultForClosureDoc_Repo009_To_Repo010 -->
  <testcase classname="com.qa.ngageplatform.smoke.RepositoryTest" name="verifySearchResultForBusinessModelDoc_Repo011" time="33.672"/>
  <testcase classname="com.qa.ngageplatform.smoke.RepositoryTest" name="verifySearchResultForBusinessModelDoc_Repo011" time="34.270">
    <skipped/>
  </testcase> <!-- verifySearchResultForBusinessModelDoc_Repo011 -->
  <testcase classname="com.qa.ngageplatform.smoke.RepositoryTest" name="verifySearchResultForWMIMenu_Repo012" time="82.073">
    <skipped/>
  </testcase> <!-- verifySearchResultForWMIMenu_Repo012 -->
  <testcase classname="com.qa.ngageplatform.smoke.RepositoryTest" name="verifySearchResultForWMIMenu_Repo012" time="73.385"/>
  <testcase classname="com.qa.ngageplatform.smoke.RepositoryTest" name="verifyCloser_Repo013" time="38.046"/>
  <testcase classname="com.qa.ngageplatform.smoke.RepositoryTest" name="verifyMultivalue_Repo014" time="45.574"/>
</testsuite> <!-- com.qa.ngageplatform.smoke.RepositoryTest -->
